{
  "numTotalTestSuites": 14,
  "numPassedTestSuites": 14,
  "numFailedTestSuites": 0,
  "numPendingTestSuites": 0,
  "numTotalTests": 17,
  "numPassedTests": 17,
  "numFailedTests": 0,
  "numPendingTests": 0,
  "numTodoTests": 0,
  "snapshot": {
    "added": 0,
    "failure": false,
    "filesAdded": 0,
    "filesRemoved": 0,
    "filesRemovedList": [],
    "filesUnmatched": 0,
    "filesUpdated": 0,
    "matched": 0,
    "total": 0,
    "unchecked": 0,
    "uncheckedKeysByFile": [],
    "unmatched": 0,
    "updated": 0,
    "didUpdate": false
  },
  "startTime": 1789511444538,
  "success": true,
  "testResults": [
    {
      "assertionResults": [
        {
          "ancestorTitles": ["buildDocument"],
          "fullName": "buildDocument builds a document from markdown",
          "status": "passed",
          "title": "builds a document from markdown",
          "duration": 32.492041,
          "failureMessages": [],
          "meta": {},
          "tags": []
        },
        {
          "ancestorTitles": ["buildDocument"],
          "fullName": "buildDocument skips blocks when the default construct has no processor",
          "status": "passed",
          "title": "skips blocks when the default construct has no processor",
          "duration": 0.23108300000001236,
          "failureMessages": [],
          "meta": {},
          "tags": []
        },
        {
          "ancestorTitles": ["buildDocument"],
          "fullName": "buildDocument captures child constructs when a matched construct has no integrator",
          "status": "passed",
          "title": "captures child constructs when a matched construct has no integrator",
          "duration": 0.2134590000000003,
          "failureMessages": [],
          "meta": {},
          "tags": []
        },
        {
          "ancestorTitles": ["buildDocument"],
          "fullName": "buildDocument returns SKIP after handling a non-paragraph block type",
          "status": "passed",
          "title": "returns SKIP after handling a non-paragraph block type",
          "duration": 0.13775000000001114,
          "failureMessages": [],
          "meta": {},
          "tags": []
        }
      ],
      "startTime": 1789511444764,
      "endTime": 1789511444797.2312,
      "status": "passed",
      "message": "",
      "name": "/opt/noodlestan/_workspaces/project-workspace-cli/checkouts/art-js-building/libs/parser/src/builder.test.ts"
    },
    {
      "assertionResults": [
        {
          "ancestorTitles": ["parse"],
          "fullName": "parse returns a Document when called with no arguments",
          "status": "passed",
          "title": "returns a Document when called with no arguments",
          "duration": 3.119875000000036,
          "failureMessages": [],
          "meta": {},
          "tags": []
        },
        {
          "ancestorTitles": ["parse"],
          "fullName": "parse returns a Document when called with an empty string",
          "status": "passed",
          "title": "returns a Document when called with an empty string",
          "duration": 0.24037500000002865,
          "failureMessages": [],
          "meta": {},
          "tags": []
        },
        {
          "ancestorTitles": ["parse"],
          "fullName": "parse parses a heading into a SectionBlock",
          "status": "passed",
          "title": "parses a heading into a SectionBlock",
          "duration": 2.525791999999967,
          "failureMessages": [],
          "meta": {},
          "tags": []
        },
        {
          "ancestorTitles": ["parse"],
          "fullName": "parse parses a paragraph into a NaturalBlock",
          "status": "passed",
          "title": "parses a paragraph into a NaturalBlock",
          "duration": 0.9717499999999859,
          "failureMessages": [],
          "meta": {},
          "tags": []
        },
        {
          "ancestorTitles": ["parse"],
          "fullName": "parse parses a field inline value into a FieldInline",
          "status": "passed",
          "title": "parses a field inline value into a FieldInline",
          "duration": 1.3824999999999932,
          "failureMessages": [],
          "meta": {},
          "tags": []
        },
        {
          "ancestorTitles": ["parse"],
          "fullName": "parse parses a field block into a FieldBlock",
          "status": "passed",
          "title": "parses a field block into a FieldBlock",
          "duration": 0.47066699999999173,
          "failureMessages": [],
          "meta": {},
          "tags": []
        },
        {
          "ancestorTitles": ["parse"],
          "fullName": "parse parses a field block with tags",
          "status": "passed",
          "title": "parses a field block with tags",
          "duration": 0.48045900000005304,
          "failureMessages": [],
          "meta": {},
          "tags": []
        }
      ],
      "startTime": 1789511444939,
      "endTime": 1789511444947.4805,
      "status": "passed",
      "message": "",
      "name": "/opt/noodlestan/_workspaces/project-workspace-cli/checkouts/art-js-building/libs/parser/src/index.test.ts"
    },
    {
      "assertionResults": [
        {
          "ancestorTitles": ["createDefaultConfig"],
          "fullName": "createDefaultConfig returns a parser config with default construct and constructs array",
          "status": "passed",
          "title": "returns a parser config with default construct and constructs array",
          "duration": 20.601208000000014,
          "failureMessages": [],
          "meta": {},
          "tags": []
        }
      ],
      "startTime": 1789511444765,
      "endTime": 1789511444785.6013,
      "status": "passed",
      "message": "",
      "name": "/opt/noodlestan/_workspaces/project-workspace-cli/checkouts/art-js-building/libs/parser/src/config/createDefaultConfig.test.ts"
    },
    {
      "assertionResults": [
        {
          "ancestorTitles": ["ParserConfig type"],
          "fullName": "ParserConfig type accepts a valid parser config shape",
          "status": "passed",
          "title": "accepts a valid parser config shape",
          "duration": 1.6054579999999987,
          "failureMessages": [],
          "meta": {},
          "tags": []
        }
      ],
      "startTime": 1789511444765,
      "endTime": 1789511444766.6055,
      "status": "passed",
      "message": "",
      "name": "/opt/noodlestan/_workspaces/project-workspace-cli/checkouts/art-js-building/libs/parser/src/config/types.test.ts"
    },
    {
      "assertionResults": [
        {
          "ancestorTitles": ["BLOCK_TYPES"],
          "fullName": "BLOCK_TYPES contains expected block types",
          "status": "passed",
          "title": "contains expected block types",
          "duration": 1.2102910000000122,
          "failureMessages": [],
          "meta": {},
          "tags": []
        }
      ],
      "startTime": 1789511444773,
      "endTime": 1789511444774.2102,
      "status": "passed",
      "message": "",
      "name": "/opt/noodlestan/_workspaces/project-workspace-cli/checkouts/art-js-building/libs/parser/src/mdast/constants.test.ts"
    },
    {
      "assertionResults": [
        {
          "ancestorTitles": ["isBlockType"],
          "fullName": "isBlockType returns true for known block types",
          "status": "passed",
          "title": "returns true for known block types",
          "duration": 3.467792000000003,
          "failureMessages": [],
          "meta": {},
          "tags": []
        },
        {
          "ancestorTitles": ["isBlockType"],
          "fullName": "isBlockType returns false for unknown block types",
          "status": "passed",
          "title": "returns false for unknown block types",
          "duration": 0.16729099999997743,
          "failureMessages": [],
          "meta": {},
          "tags": []
        }
      ],
      "startTime": 1789511444776,
      "endTime": 1789511444779.4678,
      "status": "passed",
      "message": "",
      "name": "/opt/noodlestan/_workspaces/project-workspace-cli/checkouts/art-js-building/libs/parser/src/mdast/isBlockType.test.ts"
    },
    {
      "assertionResults": [
        {
          "ancestorTitles": ["createDocumentContext"],
          "fullName": "createDocumentContext creates a document context",
          "status": "passed",
          "title": "creates a document context",
          "duration": 30.647041,
          "failureMessages": [],
          "meta": {},
          "tags": []
        }
      ],
      "startTime": 1789511444763,
      "endTime": 1789511444793.647,
      "status": "passed",
      "message": "",
      "name": "/opt/noodlestan/_workspaces/project-workspace-cli/checkouts/art-js-building/libs/parser/src/private/createDocumentContext.test.ts"
    }
  ],
  "coverageMap": {
    "/opt/noodlestan/_workspaces/project-workspace-cli/checkouts/art-js-building/libs/parser/src/config/index.ts": {
      "path": "/opt/noodlestan/_workspaces/project-workspace-cli/checkouts/art-js-building/libs/parser/src/config/index.ts",
      "statementMap": {},
      "fnMap": {},
      "branchMap": {},
      "s": {},
      "f": {},
      "b": {},
      "meta": { "lastBranch": 0, "lastFunction": 0, "lastStatement": 0, "seen": {}, "fnNames": {} }
    },
    "/opt/noodlestan/_workspaces/project-workspace-cli/checkouts/art-js-building/libs/parser/src/config/createDefaultConfig.ts": {
      "path": "/opt/noodlestan/_workspaces/project-workspace-cli/checkouts/art-js-building/libs/parser/src/config/createDefaultConfig.ts",
      "statementMap": {
        "0": { "start": { "line": 11, "column": 1 }, "end": { "line": 14, "column": null } }
      },
      "fnMap": {
        "0": {
          "name": "createDefaultConfig",
          "decl": { "start": { "line": 10, "column": 16 }, "end": { "line": 10, "column": 52 } },
          "loc": { "start": { "line": 10, "column": 52 }, "end": { "line": 15, "column": null } },
          "line": 10
        }
      },
      "branchMap": {},
      "s": { "0": 8 },
      "f": { "0": 8 },
      "b": {},
      "meta": {
        "lastBranch": 0,
        "lastFunction": 1,
        "lastStatement": 1,
        "seen": { "f:10:16:10:52": 0, "s:11:1:14:Infinity": 0 },
        "fnNames": {}
      }
    },
    "/opt/noodlestan/_workspaces/project-workspace-cli/checkouts/art-js-building/libs/parser/src/builder.ts": {
      "path": "/opt/noodlestan/_workspaces/project-workspace-cli/checkouts/art-js-building/libs/parser/src/builder.ts",
      "statementMap": {
        "0": { "start": { "line": 24, "column": 7 }, "end": { "line": 24, "column": null } },
        "1": { "start": { "line": 25, "column": 7 }, "end": { "line": 25, "column": null } },
        "2": { "start": { "line": 27, "column": 7 }, "end": { "line": 27, "column": null } },
        "3": { "start": { "line": 28, "column": 26 }, "end": { "line": 28, "column": null } },
        "4": { "start": { "line": 29, "column": 26 }, "end": { "line": 29, "column": null } },
        "5": { "start": { "line": 29, "column": 80 }, "end": { "line": 29, "column": 88 } },
        "6": { "start": { "line": 30, "column": 42 }, "end": { "line": 30, "column": null } },
        "7": { "start": { "line": 33, "column": 2 }, "end": { "line": 35, "column": null } },
        "8": { "start": { "line": 34, "column": 3 }, "end": { "line": 34, "column": null } },
        "9": { "start": { "line": 37, "column": 2 }, "end": { "line": 50, "column": null } },
        "10": { "start": { "line": 37, "column": 15 }, "end": { "line": 37, "column": 18 } },
        "11": { "start": { "line": 38, "column": 27 }, "end": { "line": 38, "column": null } },
        "12": { "start": { "line": 39, "column": 3 }, "end": { "line": 39, "column": null } },
        "13": { "start": { "line": 39, "column": 16 }, "end": { "line": 39, "column": null } },
        "14": { "start": { "line": 41, "column": 21 }, "end": { "line": 41, "column": null } },
        "15": { "start": { "line": 42, "column": 21 }, "end": { "line": 42, "column": null } },
        "16": { "start": { "line": 43, "column": 3 }, "end": { "line": 49, "column": null } },
        "17": { "start": { "line": 44, "column": 23 }, "end": { "line": 44, "column": null } },
        "18": { "start": { "line": 45, "column": 4 }, "end": { "line": 48, "column": null } },
        "19": { "start": { "line": 51, "column": 2 }, "end": { "line": 51, "column": null } },
        "20": { "start": { "line": 55, "column": 2 }, "end": { "line": 57, "column": null } },
        "21": { "start": { "line": 56, "column": 3 }, "end": { "line": 56, "column": null } },
        "22": { "start": { "line": 59, "column": 20 }, "end": { "line": 59, "column": null } },
        "23": { "start": { "line": 60, "column": 2 }, "end": { "line": 60, "column": null } },
        "24": { "start": { "line": 61, "column": 2 }, "end": { "line": 61, "column": null } },
        "25": { "start": { "line": 62, "column": 2 }, "end": { "line": 62, "column": null } },
        "26": { "start": { "line": 70, "column": 2 }, "end": { "line": 78, "column": null } },
        "27": { "start": { "line": 71, "column": 3 }, "end": { "line": 71, "column": null } },
        "28": { "start": { "line": 73, "column": 3 }, "end": { "line": 77, "column": null } },
        "29": { "start": { "line": 74, "column": 4 }, "end": { "line": 74, "column": null } },
        "30": { "start": { "line": 76, "column": 4 }, "end": { "line": 76, "column": null } },
        "31": { "start": { "line": 82, "column": 2 }, "end": { "line": 84, "column": null } },
        "32": { "start": { "line": 83, "column": 3 }, "end": { "line": 83, "column": null } },
        "33": { "start": { "line": 86, "column": 17 }, "end": { "line": 86, "column": null } },
        "34": { "start": { "line": 87, "column": 2 }, "end": { "line": 90, "column": null } },
        "35": { "start": { "line": 88, "column": 3 }, "end": { "line": 88, "column": null } },
        "36": { "start": { "line": 89, "column": 3 }, "end": { "line": 89, "column": null } },
        "37": { "start": { "line": 92, "column": 2 }, "end": { "line": 94, "column": null } },
        "38": { "start": { "line": 93, "column": 3 }, "end": { "line": 93, "column": null } },
        "39": { "start": { "line": 96, "column": 2 }, "end": { "line": 96, "column": null } },
        "40": { "start": { "line": 99, "column": 1 }, "end": { "line": 99, "column": null } },
        "41": { "start": { "line": 99, "column": 26 }, "end": { "line": 99, "column": 38 } },
        "42": { "start": { "line": 101, "column": 1 }, "end": { "line": 101, "column": null } }
      },
      "fnMap": {
        "0": {
          "name": "buildDocument",
          "decl": { "start": { "line": 23, "column": 16 }, "end": { "line": 23, "column": 30 } },
          "loc": { "start": { "line": 23, "column": 83 }, "end": { "line": 102, "column": null } },
          "line": 23
        },
        "1": {
          "name": "(anonymous_1)",
          "decl": { "start": { "line": 29, "column": 66 }, "end": { "line": 29, "column": 70 } },
          "loc": { "start": { "line": 29, "column": 80 }, "end": { "line": 29, "column": 88 } },
          "line": 29
        },
        "2": {
          "name": "tryConstructs",
          "decl": { "start": { "line": 32, "column": 10 }, "end": { "line": 32, "column": 24 } },
          "loc": { "start": { "line": 32, "column": 57 }, "end": { "line": 52, "column": null } },
          "line": 32
        },
        "3": {
          "name": "handleNaturalBlock",
          "decl": { "start": { "line": 54, "column": 10 }, "end": { "line": 54, "column": 29 } },
          "loc": { "start": { "line": 54, "column": 66 }, "end": { "line": 63, "column": null } },
          "line": 54
        },
        "4": {
          "name": "dispatch",
          "decl": { "start": { "line": 65, "column": 10 }, "end": { "line": 65, "column": null } },
          "loc": { "start": { "line": 69, "column": 9 }, "end": { "line": 79, "column": null } },
          "line": 69
        },
        "5": {
          "name": "visitNode",
          "decl": { "start": { "line": 81, "column": 10 }, "end": { "line": 81, "column": 20 } },
          "loc": { "start": { "line": 81, "column": 57 }, "end": { "line": 97, "column": null } },
          "line": 81
        },
        "6": {
          "name": "(anonymous_6)",
          "decl": { "start": { "line": 99, "column": 7 }, "end": { "line": 99, "column": 14 } },
          "loc": { "start": { "line": 99, "column": 26 }, "end": { "line": 99, "column": 38 } },
          "line": 99
        }
      },
      "branchMap": {
        "0": {
          "loc": { "start": { "line": 33, "column": 2 }, "end": { "line": 35, "column": null } },
          "type": "if",
          "locations": [
            { "start": { "line": 33, "column": 2 }, "end": { "line": 35, "column": null } },
            { "start": {}, "end": {} }
          ],
          "line": 33
        },
        "1": {
          "loc": { "start": { "line": 39, "column": 3 }, "end": { "line": 39, "column": null } },
          "type": "if",
          "locations": [
            { "start": { "line": 39, "column": 3 }, "end": { "line": 39, "column": null } },
            { "start": {}, "end": {} }
          ],
          "line": 39
        },
        "2": {
          "loc": { "start": { "line": 43, "column": 3 }, "end": { "line": 49, "column": null } },
          "type": "if",
          "locations": [
            { "start": { "line": 43, "column": 3 }, "end": { "line": 49, "column": null } },
            { "start": {}, "end": {} }
          ],
          "line": 43
        },
        "3": {
          "loc": { "start": { "line": 44, "column": 23 }, "end": { "line": 44, "column": null } },
          "type": "binary-expr",
          "locations": [
            { "start": { "line": 44, "column": 23 }, "end": { "line": 44, "column": 53 } },
            { "start": { "line": 44, "column": 53 }, "end": { "line": 44, "column": null } }
          ],
          "line": 44
        },
        "4": {
          "loc": { "start": { "line": 55, "column": 2 }, "end": { "line": 57, "column": null } },
          "type": "if",
          "locations": [
            { "start": { "line": 55, "column": 2 }, "end": { "line": 57, "column": null } },
            { "start": {}, "end": {} }
          ],
          "line": 55
        },
        "5": {
          "loc": { "start": { "line": 62, "column": 9 }, "end": { "line": 62, "column": null } },
          "type": "cond-expr",
          "locations": [
            { "start": { "line": 62, "column": 37 }, "end": { "line": 62, "column": 49 } },
            { "start": { "line": 62, "column": 49 }, "end": { "line": 62, "column": null } }
          ],
          "line": 62
        },
        "6": {
          "loc": { "start": { "line": 73, "column": 3 }, "end": { "line": 77, "column": null } },
          "type": "if",
          "locations": [
            { "start": { "line": 73, "column": 3 }, "end": { "line": 77, "column": null } },
            { "start": { "line": 75, "column": 10 }, "end": { "line": 77, "column": null } }
          ],
          "line": 73
        },
        "7": {
          "loc": { "start": { "line": 82, "column": 2 }, "end": { "line": 84, "column": null } },
          "type": "if",
          "locations": [
            { "start": { "line": 82, "column": 2 }, "end": { "line": 84, "column": null } },
            { "start": {}, "end": {} }
          ],
          "line": 82
        },
        "8": {
          "loc": { "start": { "line": 87, "column": 2 }, "end": { "line": 90, "column": null } },
          "type": "if",
          "locations": [
            { "start": { "line": 87, "column": 2 }, "end": { "line": 90, "column": null } },
            { "start": {}, "end": {} }
          ],
          "line": 87
        },
        "9": {
          "loc": { "start": { "line": 92, "column": 2 }, "end": { "line": 94, "column": null } },
          "type": "if",
          "locations": [
            { "start": { "line": 92, "column": 2 }, "end": { "line": 94, "column": null } },
            { "start": {}, "end": {} }
          ],
          "line": 92
        }
      },
      "s": {
        "0": 11,
        "1": 11,
        "2": 11,
        "3": 11,
        "4": 11,
        "5": 22,
        "6": 11,
        "7": 11,
        "8": 0,
        "9": 11,
        "10": 11,
        "11": 26,
        "12": 26,
        "13": 11,
        "14": 15,
        "15": 15,
        "16": 26,
        "17": 5,
        "18": 5,
        "19": 6,
        "20": 4,
        "21": 1,
        "22": 3,
        "23": 3,
        "24": 3,
        "25": 3,
        "26": 5,
        "27": 5,
        "28": 5,
        "29": 3,
        "30": 2,
        "31": 22,
        "32": 11,
        "33": 11,
        "34": 11,
        "35": 5,
        "36": 5,
        "37": 6,
        "38": 4,
        "39": 2,
        "40": 11,
        "41": 22,
        "42": 11
      },
      "f": { "0": 11, "1": 22, "2": 11, "3": 4, "4": 5, "5": 22, "6": 22 },
      "b": {
        "0": [0, 11],
        "1": [11, 15],
        "2": [5, 21],
        "3": [5, 2],
        "4": [1, 3],
        "5": [2, 1],
        "6": [3, 2],
        "7": [11, 11],
        "8": [5, 6],
        "9": [4, 2]
      },
      "meta": {
        "lastBranch": 10,
        "lastFunction": 7,
        "lastStatement": 43,
        "seen": {
          "f:23:16:23:30": 0,
          "s:24:7:24:Infinity": 0,
          "s:25:7:25:Infinity": 1,
          "s:27:7:27:Infinity": 2,
          "s:28:26:28:Infinity": 3,
          "s:29:26:29:Infinity": 4,
          "f:29:66:29:70": 1,
          "s:29:80:29:88": 5,
          "s:30:42:30:Infinity": 6,
          "f:32:10:32:24": 2,
          "b:33:2:35:Infinity:undefined:undefined:undefined:undefined": 0,
          "s:33:2:35:Infinity": 7,
          "s:34:3:34:Infinity": 8,
          "s:37:2:50:Infinity": 9,
          "s:37:15:37:18": 10,
          "s:38:27:38:Infinity": 11,
          "b:39:3:39:Infinity:undefined:undefined:undefined:undefined": 1,
          "s:39:3:39:Infinity": 12,
          "s:39:16:39:Infinity": 13,
          "s:41:21:41:Infinity": 14,
          "s:42:21:42:Infinity": 15,
          "b:43:3:49:Infinity:undefined:undefined:undefined:undefined": 2,
          "s:43:3:49:Infinity": 16,
          "s:44:23:44:Infinity": 17,
          "b:44:23:44:53:44:53:44:Infinity": 3,
          "s:45:4:48:Infinity": 18,
          "s:51:2:51:Infinity": 19,
          "f:54:10:54:29": 3,
          "b:55:2:57:Infinity:undefined:undefined:undefined:undefined": 4,
          "s:55:2:57:Infinity": 20,
          "s:56:3:56:Infinity": 21,
          "s:59:20:59:Infinity": 22,
          "s:60:2:60:Infinity": 23,
          "s:61:2:61:Infinity": 24,
          "s:62:2:62:Infinity": 25,
          "b:62:37:62:49:62:49:62:Infinity": 5,
          "f:65:10:65:Infinity": 4,
          "s:70:2:78:Infinity": 26,
          "s:71:3:71:Infinity": 27,
          "b:73:3:77:Infinity:75:10:77:Infinity": 6,
          "s:73:3:77:Infinity": 28,
          "s:74:4:74:Infinity": 29,
          "s:76:4:76:Infinity": 30,
          "f:81:10:81:20": 5,
          "b:82:2:84:Infinity:undefined:undefined:undefined:undefined": 7,
          "s:82:2:84:Infinity": 31,
          "s:83:3:83:Infinity": 32,
          "s:86:17:86:Infinity": 33,
          "b:87:2:90:Infinity:undefined:undefined:undefined:undefined": 8,
          "s:87:2:90:Infinity": 34,
          "s:88:3:88:Infinity": 35,
          "s:89:3:89:Infinity": 36,
          "b:92:2:94:Infinity:undefined:undefined:undefined:undefined": 9,
          "s:92:2:94:Infinity": 37,
          "s:93:3:93:Infinity": 38,
          "s:96:2:96:Infinity": 39,
          "s:99:1:99:Infinity": 40,
          "f:99:7:99:14": 6,
          "s:99:26:99:38": 41,
          "s:101:1:101:Infinity": 42
        },
        "fnNames": {}
      }
    },
    "/opt/noodlestan/_workspaces/project-workspace-cli/checkouts/art-js-building/libs/parser/src/mdast/constants.ts": {
      "path": "/opt/noodlestan/_workspaces/project-workspace-cli/checkouts/art-js-building/libs/parser/src/mdast/constants.ts",
      "statementMap": {
        "0": { "start": { "line": 1, "column": 27 }, "end": { "line": 10, "column": null } }
      },
      "fnMap": {},
      "branchMap": {},
      "s": { "0": 4 },
      "f": {},
      "b": {},
      "meta": {
        "lastBranch": 0,
        "lastFunction": 0,
        "lastStatement": 1,
        "seen": { "s:1:27:10:Infinity": 0 },
        "fnNames": {}
      }
    },
    "/opt/noodlestan/_workspaces/project-workspace-cli/checkouts/art-js-building/libs/parser/src/test/helpers/document/makeDocument.ts": {
      "path": "/opt/noodlestan/_workspaces/project-workspace-cli/checkouts/art-js-building/libs/parser/src/test/helpers/document/makeDocument.ts",
      "statementMap": {
        "0": { "start": { "line": 1, "column": 13 }, "end": { "line": 9, "column": null } },
        "1": { "start": { "line": 6, "column": 6 }, "end": { "line": 9, "column": null } }
      },
      "fnMap": {
        "0": {
          "name": "(anonymous_0)",
          "decl": { "start": { "line": 1, "column": 13 }, "end": { "line": 1, "column": 29 } },
          "loc": { "start": { "line": 6, "column": 6 }, "end": { "line": 9, "column": null } },
          "line": 6
        }
      },
      "branchMap": {
        "0": {
          "loc": { "start": { "line": 8, "column": 11 }, "end": { "line": 8, "column": null } },
          "type": "binary-expr",
          "locations": [
            { "start": { "line": 8, "column": 11 }, "end": { "line": 8, "column": 32 } },
            { "start": { "line": 8, "column": 32 }, "end": { "line": 8, "column": null } }
          ],
          "line": 8
        }
      },
      "s": { "0": 2, "1": 9 },
      "f": { "0": 9 },
      "b": { "0": [9, 9] },
      "meta": {
        "lastBranch": 1,
        "lastFunction": 1,
        "lastStatement": 2,
        "seen": {
          "s:1:13:9:Infinity": 0,
          "f:1:13:1:29": 0,
          "s:6:6:9:Infinity": 1,
          "b:8:11:8:32:8:32:8:Infinity": 0
        },
        "fnNames": {}
      }
    },
    "/opt/noodlestan/_workspaces/project-workspace-cli/checkouts/art-js-building/libs/parser/src/mdast/isBlockType.ts": {
      "path": "/opt/noodlestan/_workspaces/project-workspace-cli/checkouts/art-js-building/libs/parser/src/mdast/isBlockType.ts",
      "statementMap": {
        "0": { "start": { "line": 4, "column": 1 }, "end": { "line": 4, "column": null } }
      },
      "fnMap": {
        "0": {
          "name": "isBlockType",
          "decl": { "start": { "line": 3, "column": 16 }, "end": { "line": 3, "column": 28 } },
          "loc": { "start": { "line": 3, "column": 51 }, "end": { "line": 5, "column": null } },
          "line": 3
        }
      },
      "branchMap": {},
      "s": { "0": 9 },
      "f": { "0": 9 },
      "b": {},
      "meta": {
        "lastBranch": 0,
        "lastFunction": 1,
        "lastStatement": 1,
        "seen": { "f:3:16:3:28": 0, "s:4:1:4:Infinity": 0 },
        "fnNames": {}
      }
    },
    "/opt/noodlestan/_workspaces/project-workspace-cli/checkouts/art-js-building/libs/parser/src/private/createDocumentContext.ts": {
      "path": "/opt/noodlestan/_workspaces/project-workspace-cli/checkouts/art-js-building/libs/parser/src/private/createDocumentContext.ts",
      "statementMap": {
        "0": { "start": { "line": 5, "column": 1 }, "end": { "line": 5, "column": null } }
      },
      "fnMap": {
        "0": {
          "name": "createDocumentContext",
          "decl": { "start": { "line": 4, "column": 16 }, "end": { "line": 4, "column": 38 } },
          "loc": { "start": { "line": 4, "column": 99 }, "end": { "line": 6, "column": null } },
          "line": 4
        }
      },
      "branchMap": {},
      "s": { "0": 12 },
      "f": { "0": 12 },
      "b": {},
      "meta": {
        "lastBranch": 0,
        "lastFunction": 1,
        "lastStatement": 1,
        "seen": { "f:4:16:4:38": 0, "s:5:1:5:Infinity": 0 },
        "fnNames": {}
      }
    },
    "/opt/noodlestan/_workspaces/project-workspace-cli/checkouts/art-js-building/libs/parser/src/test/helpers/primitives/makeParserVisitContextMock.ts": {
      "path": "/opt/noodlestan/_workspaces/project-workspace-cli/checkouts/art-js-building/libs/parser/src/test/helpers/primitives/makeParserVisitContextMock.ts",
      "statementMap": {
        "0": { "start": { "line": 3, "column": 13 }, "end": { "line": 16, "column": null } },
        "1": { "start": { "line": 5, "column": 6 }, "end": { "line": 16, "column": null } },
        "2": { "start": { "line": 7, "column": 14 }, "end": { "line": 13, "column": null } },
        "3": { "start": { "line": 9, "column": 17 }, "end": { "line": 9, "column": null } },
        "4": { "start": { "line": 11, "column": 34 }, "end": { "line": 11, "column": 86 } },
        "5": { "start": { "line": 14, "column": 2 }, "end": { "line": 14, "column": null } }
      },
      "fnMap": {
        "0": {
          "name": "(anonymous_0)",
          "decl": { "start": { "line": 3, "column": 13 }, "end": { "line": 3, "column": null } },
          "loc": { "start": { "line": 5, "column": 6 }, "end": { "line": 16, "column": null } },
          "line": 5
        },
        "1": {
          "name": "(anonymous_1)",
          "decl": { "start": { "line": 6, "column": 30 }, "end": { "line": 6, "column": 34 } },
          "loc": { "start": { "line": 6, "column": 92 }, "end": { "line": 15, "column": 2 } },
          "line": 6
        },
        "2": {
          "name": "(anonymous_2)",
          "decl": { "start": { "line": 9, "column": 3 }, "end": { "line": 9, "column": 17 } },
          "loc": { "start": { "line": 9, "column": 17 }, "end": { "line": 9, "column": null } },
          "line": 9
        },
        "3": {
          "name": "(anonymous_3)",
          "decl": { "start": { "line": 11, "column": 25 }, "end": { "line": 11, "column": 28 } },
          "loc": { "start": { "line": 11, "column": 34 }, "end": { "line": 11, "column": 86 } },
          "line": 11
        }
      },
      "branchMap": {
        "0": {
          "loc": { "start": { "line": 11, "column": 34 }, "end": { "line": 11, "column": 86 } },
          "type": "cond-expr",
          "locations": [
            { "start": { "line": 11, "column": 54 }, "end": { "line": 11, "column": 82 } },
            { "start": { "line": 11, "column": 82 }, "end": { "line": 11, "column": 86 } }
          ],
          "line": 11
        },
        "1": {
          "loc": { "start": { "line": 12, "column": 13 }, "end": { "line": 12, "column": null } },
          "type": "binary-expr",
          "locations": [
            { "start": { "line": 12, "column": 13 }, "end": { "line": 12, "column": 25 } },
            { "start": { "line": 12, "column": 25 }, "end": { "line": 12, "column": 52 } },
            { "start": { "line": 12, "column": 52 }, "end": { "line": 12, "column": null } }
          ],
          "line": 12
        }
      },
      "s": { "0": 2, "1": 2, "2": 5, "3": 0, "4": 3, "5": 5 },
      "f": { "0": 2, "1": 5, "2": 0, "3": 3 },
      "b": { "0": [0, 3], "1": [5, 0, 0] },
      "meta": {
        "lastBranch": 2,
        "lastFunction": 4,
        "lastStatement": 6,
        "seen": {
          "s:3:13:16:Infinity": 0,
          "f:3:13:3:Infinity": 0,
          "s:5:6:16:Infinity": 1,
          "f:6:30:6:34": 1,
          "s:7:14:13:Infinity": 2,
          "f:9:3:9:17": 2,
          "s:9:17:9:Infinity": 3,
          "f:11:25:11:28": 3,
          "s:11:34:11:86": 4,
          "b:11:54:11:82:11:82:11:86": 0,
          "b:12:13:12:25:12:25:12:52:12:52:12:Infinity": 1,
          "s:14:2:14:Infinity": 5
        },
        "fnNames": {}
      }
    }
  }
}
