{
  "numTotalTestSuites": 97,
  "numPassedTestSuites": 97,
  "numFailedTestSuites": 0,
  "numPendingTestSuites": 0,
  "numTotalTests": 121,
  "numPassedTests": 121,
  "numFailedTests": 0,
  "numPendingTests": 0,
  "numTodoTests": 0,
  "snapshot": {
    "added": 0,
    "failure": false,
    "filesAdded": 0,
    "filesRemoved": 0,
    "filesRemovedList": [],
    "filesUnmatched": 0,
    "filesUpdated": 0,
    "matched": 0,
    "total": 0,
    "unchecked": 0,
    "uncheckedKeysByFile": [],
    "unmatched": 0,
    "updated": 0,
    "didUpdate": false
  },
  "startTime": 1789511446412,
  "success": true,
  "testResults": [
    {
      "assertionResults": [
        {
          "ancestorTitles": ["registry types"],
          "fullName": "registry types accepts BlockContent union members",
          "status": "passed",
          "title": "accepts BlockContent union members",
          "duration": 2.1712090000000046,
          "failureMessages": [],
          "meta": {},
          "tags": []
        },
        {
          "ancestorTitles": ["registry types"],
          "fullName": "registry types accepts InlineContent union members",
          "status": "passed",
          "title": "accepts InlineContent union members",
          "duration": 0.12383299999999053,
          "failureMessages": [],
          "meta": {},
          "tags": []
        },
        {
          "ancestorTitles": ["registry types"],
          "fullName": "registry types accepts Construct union members",
          "status": "passed",
          "title": "accepts Construct union members",
          "duration": 0.0972500000000025,
          "failureMessages": [],
          "meta": {},
          "tags": []
        }
      ],
      "startTime": 1789511447730,
      "endTime": 1789511447732.1711,
      "status": "passed",
      "message": "",
      "name": "/opt/noodlestan/_workspaces/project-workspace-cli/checkouts/art-js-building/libs/constructs/src/registry.test.ts"
    },
    {
      "assertionResults": [
        {
          "ancestorTitles": ["construct types"],
          "fullName": "construct types accepts a valid ConstructProcessor",
          "status": "passed",
          "title": "accepts a valid ConstructProcessor",
          "duration": 1.1327910000000259,
          "failureMessages": [],
          "meta": {},
          "tags": []
        },
        {
          "ancestorTitles": ["construct types"],
          "fullName": "construct types accepts a valid ConstructIntegrator",
          "status": "passed",
          "title": "accepts a valid ConstructIntegrator",
          "duration": 0.10108399999998596,
          "failureMessages": [],
          "meta": {},
          "tags": []
        },
        {
          "ancestorTitles": ["construct types"],
          "fullName": "construct types accepts a valid ConstructParser",
          "status": "passed",
          "title": "accepts a valid ConstructParser",
          "duration": 0.13129200000000196,
          "failureMessages": [],
          "meta": {},
          "tags": []
        },
        {
          "ancestorTitles": ["construct types"],
          "fullName": "construct types accepts a valid ConstructSerializer",
          "status": "passed",
          "title": "accepts a valid ConstructSerializer",
          "duration": 0.06999999999999318,
          "failureMessages": [],
          "meta": {},
          "tags": []
        }
      ],
      "startTime": 1789511446612,
      "endTime": 1789511446614.1313,
      "status": "passed",
      "message": "",
      "name": "/opt/noodlestan/_workspaces/project-workspace-cli/checkouts/art-js-building/libs/constructs/src/constructs/types.test.ts"
    },
    {
      "assertionResults": [
        {
          "ancestorTitles": ["rawSlice"],
          "fullName": "rawSlice returns the raw slice for a node with position",
          "status": "passed",
          "title": "returns the raw slice for a node with position",
          "duration": 1.22120799999999,
          "failureMessages": [],
          "meta": {},
          "tags": []
        },
        {
          "ancestorTitles": ["rawSlice"],
          "fullName": "rawSlice returns empty string when node lacks position",
          "status": "passed",
          "title": "returns empty string when node lacks position",
          "duration": 0.10066600000001813,
          "failureMessages": [],
          "meta": {},
          "tags": []
        },
        {
          "ancestorTitles": ["rawSlice"],
          "fullName": "rawSlice returns empty string when node lacks position end",
          "status": "passed",
          "title": "returns empty string when node lacks position end",
          "duration": 0.07349999999999568,
          "failureMessages": [],
          "meta": {},
          "tags": []
        }
      ],
      "startTime": 1789511447455,
      "endTime": 1789511447456.2212,
      "status": "passed",
      "message": "",
      "name": "/opt/noodlestan/_workspaces/project-workspace-cli/checkouts/art-js-building/libs/constructs/src/helpers/rawSlice.test.ts"
    },
    {
      "assertionResults": [
        {
          "ancestorTitles": ["createFieldBlockParser"],
          "fullName": "createFieldBlockParser returns a parser with FieldBlock name, processor, integrator and factory",
          "status": "passed",
          "title": "returns a parser with FieldBlock name, processor, integrator and factory",
          "duration": 1.5805000000000007,
          "failureMessages": [],
          "meta": {},
          "tags": []
        }
      ],
      "startTime": 1789511447389,
      "endTime": 1789511447390.5806,
      "status": "passed",
      "message": "",
      "name": "/opt/noodlestan/_workspaces/project-workspace-cli/checkouts/art-js-building/libs/constructs/src/constructs/FieldBlock/createFieldBlockParser.test.ts"
    },
    {
      "assertionResults": [
        {
          "ancestorTitles": ["createFieldBlockToMdast"],
          "fullName": "createFieldBlockToMdast converts a FieldBlock to a label paragraph",
          "status": "passed",
          "title": "converts a FieldBlock to a label paragraph",
          "duration": 1.7760419999999897,
          "failureMessages": [],
          "meta": {},
          "tags": []
        },
        {
          "ancestorTitles": ["createFieldBlockToMdast"],
          "fullName": "createFieldBlockToMdast includes tags when present",
          "status": "passed",
          "title": "includes tags when present",
          "duration": 0.20216700000000287,
          "failureMessages": [],
          "meta": {},
          "tags": []
        }
      ],
      "startTime": 1789511447257,
      "endTime": 1789511447259.2021,
      "status": "passed",
      "message": "",
      "name": "/opt/noodlestan/_workspaces/project-workspace-cli/checkouts/art-js-building/libs/constructs/src/constructs/FieldBlock/createFieldBlockToMdast.test.ts"
    },
    {
      "assertionResults": [
        {
          "ancestorTitles": ["createDocument"],
          "fullName": "createDocument creates an ArtDocument from a root node",
          "status": "passed",
          "title": "creates an ArtDocument from a root node",
          "duration": 22.521916000000004,
          "failureMessages": [],
          "meta": {},
          "tags": []
        }
      ],
      "startTime": 1789511446891,
      "endTime": 1789511446913.522,
      "status": "passed",
      "message": "",
      "name": "/opt/noodlestan/_workspaces/project-workspace-cli/checkouts/art-js-building/libs/constructs/src/constructs/Document/createDocument.test.ts"
    },
    {
      "assertionResults": [
        {
          "ancestorTitles": ["createDocumentParser"],
          "fullName": "createDocumentParser returns a parser with Document name and factory",
          "status": "passed",
          "title": "returns a parser with Document name and factory",
          "duration": 4.209417000000002,
          "failureMessages": [],
          "meta": {},
          "tags": []
        }
      ],
      "startTime": 1789511447306,
      "endTime": 1789511447310.2095,
      "status": "passed",
      "message": "",
      "name": "/opt/noodlestan/_workspaces/project-workspace-cli/checkouts/art-js-building/libs/constructs/src/constructs/Document/createDocumentParser.test.ts"
    },
    {
      "assertionResults": [
        {
          "ancestorTitles": ["createDocumentToMdast"],
          "fullName": "createDocumentToMdast wraps children in a root node",
          "status": "passed",
          "title": "wraps children in a root node",
          "duration": 1.4792500000000075,
          "failureMessages": [],
          "meta": {},
          "tags": []
        }
      ],
      "startTime": 1789511447936,
      "endTime": 1789511447937.4792,
      "status": "passed",
      "message": "",
      "name": "/opt/noodlestan/_workspaces/project-workspace-cli/checkouts/art-js-building/libs/constructs/src/constructs/Document/createDocumentToMdast.test.ts"
    },
    {
      "assertionResults": [
        {
          "ancestorTitles": ["ArtDocument type"],
          "fullName": "ArtDocument type accepts a valid ArtDocument",
          "status": "passed",
          "title": "accepts a valid ArtDocument",
          "duration": 2.9179590000000246,
          "failureMessages": [],
          "meta": {},
          "tags": []
        }
      ],
      "startTime": 1789511447882,
      "endTime": 1789511447884.918,
      "status": "passed",
      "message": "",
      "name": "/opt/noodlestan/_workspaces/project-workspace-cli/checkouts/art-js-building/libs/constructs/src/constructs/Document/types.test.ts"
    },
    {
      "assertionResults": [
        {
          "ancestorTitles": ["createFieldInlineParser"],
          "fullName": "createFieldInlineParser returns a parser with FieldInline name, processor and factory",
          "status": "passed",
          "title": "returns a parser with FieldInline name, processor and factory",
          "duration": 2.246707999999984,
          "failureMessages": [],
          "meta": {},
          "tags": []
        }
      ],
      "startTime": 1789511447648,
      "endTime": 1789511447650.2468,
      "status": "passed",
      "message": "",
      "name": "/opt/noodlestan/_workspaces/project-workspace-cli/checkouts/art-js-building/libs/constructs/src/constructs/FieldInline/createFieldInlineParser.test.ts"
    },
    {
      "assertionResults": [
        {
          "ancestorTitles": ["createFieldInlineProcessor"],
          "fullName": "createFieldInlineProcessor returns null for non-paragraph nodes",
          "status": "passed",
          "title": "returns null for non-paragraph nodes",
          "duration": 3.338292000000024,
          "failureMessages": [],
          "meta": {},
          "tags": []
        },
        {
          "ancestorTitles": ["createFieldInlineProcessor"],
          "fullName": "createFieldInlineProcessor returns null for paragraphs with no children",
          "status": "passed",
          "title": "returns null for paragraphs with no children",
          "duration": 0.3414589999999862,
          "failureMessages": [],
          "meta": {},
          "tags": []
        },
        {
          "ancestorTitles": ["createFieldInlineProcessor"],
          "fullName": "createFieldInlineProcessor returns null when the first child is not a field strong",
          "status": "passed",
          "title": "returns null when the first child is not a field strong",
          "duration": 6.764208000000053,
          "failureMessages": [],
          "meta": {},
          "tags": []
        },
        {
          "ancestorTitles": ["createFieldInlineProcessor"],
          "fullName": "createFieldInlineProcessor returns null when nothing but whitespace follows the strong",
          "status": "passed",
          "title": "returns null when nothing but whitespace follows the strong",
          "duration": 1.2899580000000128,
          "failureMessages": [],
          "meta": {},
          "tags": []
        },
        {
          "ancestorTitles": ["createFieldInlineProcessor"],
          "fullName": "createFieldInlineProcessor captures inline field values from paragraph siblings after the label",
          "status": "passed",
          "title": "captures inline field values from paragraph siblings after the label",
          "duration": 2.176917000000003,
          "failureMessages": [],
          "meta": {},
          "tags": []
        },
        {
          "ancestorTitles": ["createFieldInlineProcessor"],
          "fullName": "createFieldInlineProcessor preserves inline child types in the field children",
          "status": "passed",
          "title": "preserves inline child types in the field children",
          "duration": 0.9896249999999895,
          "failureMessages": [],
          "meta": {},
          "tags": []
        },
        {
          "ancestorTitles": ["createFieldInlineProcessor"],
          "fullName": "createFieldInlineProcessor extracts tags and strips it from the last text child",
          "status": "passed",
          "title": "extracts tags and strips it from the last text child",
          "duration": 0.6665830000000028,
          "failureMessages": [],
          "meta": {},
          "tags": []
        }
      ],
      "startTime": 1789511446878,
      "endTime": 1789511446893.6665,
      "status": "passed",
      "message": "",
      "name": "/opt/noodlestan/_workspaces/project-workspace-cli/checkouts/art-js-building/libs/constructs/src/constructs/FieldInline/createFieldInlineProcessor.test.ts"
    },
    {
      "assertionResults": [
        {
          "ancestorTitles": ["createFieldInlineToMdast"],
          "fullName": "createFieldInlineToMdast converts a FieldInline to a paragraph with strong label",
          "status": "passed",
          "title": "converts a FieldInline to a paragraph with strong label",
          "duration": 1.5274589999999932,
          "failureMessages": [],
          "meta": {},
          "tags": []
        },
        {
          "ancestorTitles": ["createFieldInlineToMdast"],
          "fullName": "createFieldInlineToMdast appends tags when present",
          "status": "passed",
          "title": "appends tags when present",
          "duration": 0.20849999999998658,
          "failureMessages": [],
          "meta": {},
          "tags": []
        }
      ],
      "startTime": 1789511447731,
      "endTime": 1789511447732.5273,
      "status": "passed",
      "message": "",
      "name": "/opt/noodlestan/_workspaces/project-workspace-cli/checkouts/art-js-building/libs/constructs/src/constructs/FieldInline/createFieldInlineToMdast.test.ts"
    },
    {
      "assertionResults": [
        {
          "ancestorTitles": ["createNaturalExpressionToMdast"],
          "fullName": "createNaturalExpressionToMdast converts a NaturalExpression to an mdast node",
          "status": "passed",
          "title": "converts a NaturalExpression to an mdast node",
          "duration": 1.458500000000015,
          "failureMessages": [],
          "meta": {},
          "tags": []
        },
        {
          "ancestorTitles": ["createNaturalExpressionToMdast"],
          "fullName": "createNaturalExpressionToMdast preserves attributes in the mdast node",
          "status": "passed",
          "title": "preserves attributes in the mdast node",
          "duration": 0.1410410000000013,
          "failureMessages": [],
          "meta": {},
          "tags": []
        }
      ],
      "startTime": 1789511447504,
      "endTime": 1789511447506.141,
      "status": "passed",
      "message": "",
      "name": "/opt/noodlestan/_workspaces/project-workspace-cli/checkouts/art-js-building/libs/constructs/src/constructs/NaturalExpression/createNaturalExpressionToMdast.test.ts"
    },
    {
      "assertionResults": [
        {
          "ancestorTitles": ["createNaturalBlockParser"],
          "fullName": "createNaturalBlockParser returns a parser with NaturalBlock name, processor and factory",
          "status": "passed",
          "title": "returns a parser with NaturalBlock name, processor and factory",
          "duration": 1.584875000000011,
          "failureMessages": [],
          "meta": {},
          "tags": []
        }
      ],
      "startTime": 1789511447412,
      "endTime": 1789511447413.585,
      "status": "passed",
      "message": "",
      "name": "/opt/noodlestan/_workspaces/project-workspace-cli/checkouts/art-js-building/libs/constructs/src/constructs/NaturalBlock/createNaturalBlockParser.test.ts"
    },
    {
      "assertionResults": [
        {
          "ancestorTitles": ["createNaturalBlockToMdast"],
          "fullName": "createNaturalBlockToMdast parses a text value into a root with paragraph",
          "status": "passed",
          "title": "parses a text value into a root with paragraph",
          "duration": 5.413749999999993,
          "failureMessages": [],
          "meta": {},
          "tags": []
        },
        {
          "ancestorTitles": ["createNaturalBlockToMdast"],
          "fullName": "createNaturalBlockToMdast parses a code block value",
          "status": "passed",
          "title": "parses a code block value",
          "duration": 1.1180410000000052,
          "failureMessages": [],
          "meta": {},
          "tags": []
        },
        {
          "ancestorTitles": ["createNaturalBlockToMdast"],
          "fullName": "createNaturalBlockToMdast includes children in a paragraph",
          "status": "passed",
          "title": "includes children in a paragraph",
          "duration": 0.4163329999999803,
          "failureMessages": [],
          "meta": {},
          "tags": []
        },
        {
          "ancestorTitles": ["createNaturalBlockToMdast"],
          "fullName": "createNaturalBlockToMdast includes tags in a paragraph when present",
          "status": "passed",
          "title": "includes tags in a paragraph when present",
          "duration": 0.3795419999999865,
          "failureMessages": [],
          "meta": {},
          "tags": []
        },
        {
          "ancestorTitles": ["createNaturalBlockToMdast"],
          "fullName": "createNaturalBlockToMdast does not include tags when paragraph has no children",
          "status": "passed",
          "title": "does not include tags when paragraph has no children",
          "duration": 0.30774999999999864,
          "failureMessages": [],
          "meta": {},
          "tags": []
        },
        {
          "ancestorTitles": ["createNaturalBlockToMdast"],
          "fullName": "createNaturalBlockToMdast does not include tags when paragraph tags are empty",
          "status": "passed",
          "title": "does not include tags when paragraph tags are empty",
          "duration": 0.23962499999998954,
          "failureMessages": [],
          "meta": {},
          "tags": []
        }
      ],
      "startTime": 1789511447101,
      "endTime": 1789511447109.3079,
      "status": "passed",
      "message": "",
      "name": "/opt/noodlestan/_workspaces/project-workspace-cli/checkouts/art-js-building/libs/constructs/src/constructs/NaturalBlock/createNaturalBlockToMdast.test.ts"
    },
    {
      "assertionResults": [
        {
          "ancestorTitles": ["createSectionBlockParser"],
          "fullName": "createSectionBlockParser returns a parser with SectionBlock name, processor, integrator and factory",
          "status": "passed",
          "title": "returns a parser with SectionBlock name, processor, integrator and factory",
          "duration": 1.660459000000003,
          "failureMessages": [],
          "meta": {},
          "tags": []
        }
      ],
      "startTime": 1789511447241,
      "endTime": 1789511447242.6604,
      "status": "passed",
      "message": "",
      "name": "/opt/noodlestan/_workspaces/project-workspace-cli/checkouts/art-js-building/libs/constructs/src/constructs/SectionBlock/createSectionBlockParser.test.ts"
    },
    {
      "assertionResults": [
        {
          "ancestorTitles": ["createSectionBlockToMdast"],
          "fullName": "createSectionBlockToMdast converts a SectionBlock to an mdast heading",
          "status": "passed",
          "title": "converts a SectionBlock to an mdast heading",
          "duration": 6.941083999999989,
          "failureMessages": [],
          "meta": {},
          "tags": []
        },
        {
          "ancestorTitles": ["createSectionBlockToMdast"],
          "fullName": "createSectionBlockToMdast defaults depth to 1 when not provided",
          "status": "passed",
          "title": "defaults depth to 1 when not provided",
          "duration": 0.4295839999999771,
          "failureMessages": [],
          "meta": {},
          "tags": []
        },
        {
          "ancestorTitles": ["createSectionBlockToMdast"],
          "fullName": "createSectionBlockToMdast preserves inline formatting in heading names",
          "status": "passed",
          "title": "preserves inline formatting in heading names",
          "duration": 4.55600000000004,
          "failureMessages": [],
          "meta": {},
          "tags": []
        },
        {
          "ancestorTitles": ["createSectionBlockToMdast"],
          "fullName": "createSectionBlockToMdast includes tags in the heading text when present",
          "status": "passed",
          "title": "includes tags in the heading text when present",
          "duration": 0.9193750000000023,
          "failureMessages": [],
          "meta": {},
          "tags": []
        }
      ],
      "startTime": 1789511446749,
      "endTime": 1789511446761.9194,
      "status": "passed",
      "message": "",
      "name": "/opt/noodlestan/_workspaces/project-workspace-cli/checkouts/art-js-building/libs/constructs/src/constructs/SectionBlock/createSectionBlockToMdast.test.ts"
    },
    {
      "assertionResults": [
        {
          "ancestorTitles": ["createTagParser"],
          "fullName": "createTagParser returns a parser with Tag name and factory",
          "status": "passed",
          "title": "returns a parser with Tag name and factory",
          "duration": 4.055417000000006,
          "failureMessages": [],
          "meta": {},
          "tags": []
        }
      ],
      "startTime": 1789511447015,
      "endTime": 1789511447019.0554,
      "status": "passed",
      "message": "",
      "name": "/opt/noodlestan/_workspaces/project-workspace-cli/checkouts/art-js-building/libs/constructs/src/constructs/Tag/createTagParser.test.ts"
    },
    {
      "assertionResults": [
        {
          "ancestorTitles": ["FIELD_TEXT_PATTERN"],
          "fullName": "FIELD_TEXT_PATTERN matches a field text pattern",
          "status": "passed",
          "title": "matches a field text pattern",
          "duration": 1.2455830000000105,
          "failureMessages": [],
          "meta": {},
          "tags": []
        },
        {
          "ancestorTitles": ["FIELD_TEXT_PATTERN"],
          "fullName": "FIELD_TEXT_PATTERN does not match non-field text",
          "status": "passed",
          "title": "does not match non-field text",
          "duration": 0.1368750000000034,
          "failureMessages": [],
          "meta": {},
          "tags": []
        }
      ],
      "startTime": 1789511447697,
      "endTime": 1789511447699.137,
      "status": "passed",
      "message": "",
      "name": "/opt/noodlestan/_workspaces/project-workspace-cli/checkouts/art-js-building/libs/constructs/src/constructs/FieldBlock/private/constants.test.ts"
    },
    {
      "assertionResults": [
        {
          "ancestorTitles": ["createFieldBlockFromData"],
          "fullName": "createFieldBlockFromData creates a FieldBlock from minimal data",
          "status": "passed",
          "title": "creates a FieldBlock from minimal data",
          "duration": 1.5087919999999997,
          "failureMessages": [],
          "meta": {},
          "tags": []
        },
        {
          "ancestorTitles": ["createFieldBlockFromData"],
          "fullName": "createFieldBlockFromData includes children and tags when provided",
          "status": "passed",
          "title": "includes children and tags when provided",
          "duration": 1.1825419999999838,
          "failureMessages": [],
          "meta": {},
          "tags": []
        }
      ],
      "startTime": 1789511447160,
      "endTime": 1789511447162.1826,
      "status": "passed",
      "message": "",
      "name": "/opt/noodlestan/_workspaces/project-workspace-cli/checkouts/art-js-building/libs/constructs/src/constructs/FieldBlock/private/createFieldBlockFromData.test.ts"
    },
    {
      "assertionResults": [
        {
          "ancestorTitles": ["createFieldBlockFromParagraph"],
          "fullName": "createFieldBlockFromParagraph creates a FieldBlock from a paragraph",
          "status": "passed",
          "title": "creates a FieldBlock from a paragraph",
          "duration": 51.69825,
          "failureMessages": [],
          "meta": {},
          "tags": []
        },
        {
          "ancestorTitles": ["createFieldBlockFromParagraph"],
          "fullName": "createFieldBlockFromParagraph includes tags when provided",
          "status": "passed",
          "title": "includes tags when provided",
          "duration": 1.8282920000000047,
          "failureMessages": [],
          "meta": {},
          "tags": []
        }
      ],
      "startTime": 1789511446793,
      "endTime": 1789511446845.8284,
      "status": "passed",
      "message": "",
      "name": "/opt/noodlestan/_workspaces/project-workspace-cli/checkouts/art-js-building/libs/constructs/src/constructs/FieldBlock/private/createFieldBlockFromParagraph.test.ts"
    },
    {
      "assertionResults": [
        {
          "ancestorTitles": ["createFieldBlockIntegrator"],
          "fullName": "createFieldBlockIntegrator returns an integrator that captures the construct and returns a new context",
          "status": "passed",
          "title": "returns an integrator that captures the construct and returns a new context",
          "duration": 24.904124999999993,
          "failureMessages": [],
          "meta": {},
          "tags": []
        },
        {
          "ancestorTitles": ["createFieldBlockIntegrator"],
          "fullName": "createFieldBlockIntegrator onBeforeConstruct returns the same context for non-boundary constructs",
          "status": "passed",
          "title": "onBeforeConstruct returns the same context for non-boundary constructs",
          "duration": 0.851916000000017,
          "failureMessages": [],
          "meta": {},
          "tags": []
        },
        {
          "ancestorTitles": ["createFieldBlockIntegrator"],
          "fullName": "createFieldBlockIntegrator onBeforeConstruct returns the parent context for boundary constructs",
          "status": "passed",
          "title": "onBeforeConstruct returns the parent context for boundary constructs",
          "duration": 0.47904199999999264,
          "failureMessages": [],
          "meta": {},
          "tags": []
        },
        {
          "ancestorTitles": ["createFieldBlockIntegrator"],
          "fullName": "createFieldBlockIntegrator document context parent returns undefined",
          "status": "passed",
          "title": "document context parent returns undefined",
          "duration": 0.35200000000000387,
          "failureMessages": [],
          "meta": {},
          "tags": []
        }
      ],
      "startTime": 1789511446892,
      "endTime": 1789511446918.479,
      "status": "passed",
      "message": "",
      "name": "/opt/noodlestan/_workspaces/project-workspace-cli/checkouts/art-js-building/libs/constructs/src/constructs/FieldBlock/private/createFieldBlockIntegrator.test.ts"
    },
    {
      "assertionResults": [
        {
          "ancestorTitles": ["createFieldBlockProcessor"],
          "fullName": "createFieldBlockProcessor returns a FieldBlock when the mocked isFieldStrong returns true by default",
          "status": "passed",
          "title": "returns a FieldBlock when the mocked isFieldStrong returns true by default",
          "duration": 42.311083999999965,
          "failureMessages": [],
          "meta": {},
          "tags": []
        },
        {
          "ancestorTitles": ["createFieldBlockProcessor"],
          "fullName": "createFieldBlockProcessor returns a processor",
          "status": "passed",
          "title": "returns a processor",
          "duration": 0.709165999999982,
          "failureMessages": [],
          "meta": {},
          "tags": []
        },
        {
          "ancestorTitles": ["createFieldBlockProcessor"],
          "fullName": "createFieldBlockProcessor returns null for non-paragraph nodes",
          "status": "passed",
          "title": "returns null for non-paragraph nodes",
          "duration": 0.25387499999999363,
          "failureMessages": [],
          "meta": {},
          "tags": []
        },
        {
          "ancestorTitles": ["createFieldBlockProcessor"],
          "fullName": "createFieldBlockProcessor returns null for paragraph with no children",
          "status": "passed",
          "title": "returns null for paragraph with no children",
          "duration": 0.2073750000000132,
          "failureMessages": [],
          "meta": {},
          "tags": []
        },
        {
          "ancestorTitles": ["createFieldBlockProcessor"],
          "fullName": "createFieldBlockProcessor returns null when first child is not a field strong",
          "status": "passed",
          "title": "returns null when first child is not a field strong",
          "duration": 0.2977910000000179,
          "failureMessages": [],
          "meta": {},
          "tags": []
        },
        {
          "ancestorTitles": ["createFieldBlockProcessor"],
          "fullName": "createFieldBlockProcessor returns null when text after strong is not empty",
          "status": "passed",
          "title": "returns null when text after strong is not empty",
          "duration": 0.24987500000003138,
          "failureMessages": [],
          "meta": {},
          "tags": []
        },
        {
          "ancestorTitles": ["createFieldBlockProcessor"],
          "fullName": "createFieldBlockProcessor returns a FieldBlock when paragraph matches",
          "status": "passed",
          "title": "returns a FieldBlock when paragraph matches",
          "duration": 0.30620800000002646,
          "failureMessages": [],
          "meta": {},
          "tags": []
        }
      ],
      "startTime": 1789511446665,
      "endTime": 1789511446709.3062,
      "status": "passed",
      "message": "",
      "name": "/opt/noodlestan/_workspaces/project-workspace-cli/checkouts/art-js-building/libs/constructs/src/constructs/FieldBlock/private/createFieldBlockProcessor.test.ts"
    },
    {
      "assertionResults": [
        {
          "ancestorTitles": ["isFieldStrong"],
          "fullName": "isFieldStrong returns true for a strong node matching field pattern",
          "status": "passed",
          "title": "returns true for a strong node matching field pattern",
          "duration": 3.7663750000000107,
          "failureMessages": [],
          "meta": {},
          "tags": []
        },
        {
          "ancestorTitles": ["isFieldStrong"],
          "fullName": "isFieldStrong returns false for non-strong node",
          "status": "passed",
          "title": "returns false for non-strong node",
          "duration": 0.3974589999999978,
          "failureMessages": [],
          "meta": {},
          "tags": []
        }
      ],
      "startTime": 1789511447656,
      "endTime": 1789511447660.3975,
      "status": "passed",
      "message": "",
      "name": "/opt/noodlestan/_workspaces/project-workspace-cli/checkouts/art-js-building/libs/constructs/src/constructs/FieldBlock/private/isFieldStrong.test.ts"
    },
    {
      "assertionResults": [
        {
          "ancestorTitles": ["stripStrong"],
          "fullName": "stripStrong strips ** wrappers",
          "status": "passed",
          "title": "strips ** wrappers",
          "duration": 1.2184579999999983,
          "failureMessages": [],
          "meta": {},
          "tags": []
        },
        {
          "ancestorTitles": ["stripStrong"],
          "fullName": "stripStrong strips __ wrappers",
          "status": "passed",
          "title": "strips __ wrappers",
          "duration": 0.11466599999999971,
          "failureMessages": [],
          "meta": {},
          "tags": []
        },
        {
          "ancestorTitles": ["stripStrong"],
          "fullName": "stripStrong returns raw when not wrapped",
          "status": "passed",
          "title": "returns raw when not wrapped",
          "duration": 0.07691599999998289,
          "failureMessages": [],
          "meta": {},
          "tags": []
        }
      ],
      "startTime": 1789511447304,
      "endTime": 1789511447305.2185,
      "status": "passed",
      "message": "",
      "name": "/opt/noodlestan/_workspaces/project-workspace-cli/checkouts/art-js-building/libs/constructs/src/constructs/FieldBlock/private/stripStrong.test.ts"
    },
    {
      "assertionResults": [
        {
          "ancestorTitles": ["FieldBlock type"],
          "fullName": "FieldBlock type accepts a valid FieldBlock",
          "status": "passed",
          "title": "accepts a valid FieldBlock",
          "duration": 5.099249999999984,
          "failureMessages": [],
          "meta": {},
          "tags": []
        }
      ],
      "startTime": 1789511447120,
      "endTime": 1789511447125.0994,
      "status": "passed",
      "message": "",
      "name": "/opt/noodlestan/_workspaces/project-workspace-cli/checkouts/art-js-building/libs/constructs/src/constructs/FieldBlock/private/types.test.ts"
    },
    {
      "assertionResults": [
        {
          "ancestorTitles": ["createDocumentFromData"],
          "fullName": "createDocumentFromData creates an ArtDocument from data",
          "status": "passed",
          "title": "creates an ArtDocument from data",
          "duration": 4.418916999999993,
          "failureMessages": [],
          "meta": {},
          "tags": []
        }
      ],
      "startTime": 1789511447525,
      "endTime": 1789511447529.419,
      "status": "passed",
      "message": "",
      "name": "/opt/noodlestan/_workspaces/project-workspace-cli/checkouts/art-js-building/libs/constructs/src/constructs/Document/private/createDocumentFromData.test.ts"
    },
    {
      "assertionResults": [
        {
          "ancestorTitles": ["createFieldInlineFromData"],
          "fullName": "createFieldInlineFromData creates a FieldInline from minimal data",
          "status": "passed",
          "title": "creates a FieldInline from minimal data",
          "duration": 1.583707999999973,
          "failureMessages": [],
          "meta": {},
          "tags": []
        },
        {
          "ancestorTitles": ["createFieldInlineFromData"],
          "fullName": "createFieldInlineFromData includes children and tags when provided",
          "status": "passed",
          "title": "includes children and tags when provided",
          "duration": 0.7299580000000105,
          "failureMessages": [],
          "meta": {},
          "tags": []
        }
      ],
      "startTime": 1789511447112,
      "endTime": 1789511447114.73,
      "status": "passed",
      "message": "",
      "name": "/opt/noodlestan/_workspaces/project-workspace-cli/checkouts/art-js-building/libs/constructs/src/constructs/FieldInline/private/createFieldInlineFromData.test.ts"
    },
    {
      "assertionResults": [
        {
          "ancestorTitles": ["FieldInline type"],
          "fullName": "FieldInline type accepts a valid FieldInline",
          "status": "passed",
          "title": "accepts a valid FieldInline",
          "duration": 8.393333999999982,
          "failureMessages": [],
          "meta": {},
          "tags": []
        }
      ],
      "startTime": 1789511447612,
      "endTime": 1789511447620.3933,
      "status": "passed",
      "message": "",
      "name": "/opt/noodlestan/_workspaces/project-workspace-cli/checkouts/art-js-building/libs/constructs/src/constructs/FieldInline/private/types.test.ts"
    },
    {
      "assertionResults": [
        {
          "ancestorTitles": ["createNaturalExpression"],
          "fullName": "createNaturalExpression creates a NaturalExpression from a node",
          "status": "passed",
          "title": "creates a NaturalExpression from a node",
          "duration": 35.357,
          "failureMessages": [],
          "meta": {},
          "tags": []
        },
        {
          "ancestorTitles": ["createNaturalExpression"],
          "fullName": "createNaturalExpression recursively creates children from node children",
          "status": "passed",
          "title": "recursively creates children from node children",
          "duration": 0.6345830000000205,
          "failureMessages": [],
          "meta": {},
          "tags": []
        }
      ],
      "startTime": 1789511446623,
      "endTime": 1789511446659.6345,
      "status": "passed",
      "message": "",
      "name": "/opt/noodlestan/_workspaces/project-workspace-cli/checkouts/art-js-building/libs/constructs/src/constructs/NaturalExpression/private/createNaturalExpression.test.ts"
    },
    {
      "assertionResults": [
        {
          "ancestorTitles": ["createNaturalExpressionFromData"],
          "fullName": "createNaturalExpressionFromData creates a NaturalExpression from data",
          "status": "passed",
          "title": "creates a NaturalExpression from data",
          "duration": 1.4290420000000097,
          "failureMessages": [],
          "meta": {},
          "tags": []
        },
        {
          "ancestorTitles": ["createNaturalExpressionFromData"],
          "fullName": "createNaturalExpressionFromData includes children and attributes when provided",
          "status": "passed",
          "title": "includes children and attributes when provided",
          "duration": 3.349084000000005,
          "failureMessages": [],
          "meta": {},
          "tags": []
        }
      ],
      "startTime": 1789511447729,
      "endTime": 1789511447733.349,
      "status": "passed",
      "message": "",
      "name": "/opt/noodlestan/_workspaces/project-workspace-cli/checkouts/art-js-building/libs/constructs/src/constructs/NaturalExpression/private/createNaturalExpressionFromData.test.ts"
    },
    {
      "assertionResults": [
        {
          "ancestorTitles": ["NaturalExpression type"],
          "fullName": "NaturalExpression type accepts a valid NaturalExpression",
          "status": "passed",
          "title": "accepts a valid NaturalExpression",
          "duration": 1.0875830000000093,
          "failureMessages": [],
          "meta": {},
          "tags": []
        }
      ],
      "startTime": 1789511448002,
      "endTime": 1789511448003.0876,
      "status": "passed",
      "message": "",
      "name": "/opt/noodlestan/_workspaces/project-workspace-cli/checkouts/art-js-building/libs/constructs/src/constructs/NaturalExpression/private/types.test.ts"
    },
    {
      "assertionResults": [
        {
          "ancestorTitles": ["createNaturalBlock"],
          "fullName": "createNaturalBlock creates a NaturalBlock from a node",
          "status": "passed",
          "title": "creates a NaturalBlock from a node",
          "duration": 41.37670799999998,
          "failureMessages": [],
          "meta": {},
          "tags": []
        },
        {
          "ancestorTitles": ["createNaturalBlock"],
          "fullName": "createNaturalBlock creates a NaturalBlock without children for nodes that have no children",
          "status": "passed",
          "title": "creates a NaturalBlock without children for nodes that have no children",
          "duration": 0.5723749999999939,
          "failureMessages": [],
          "meta": {},
          "tags": []
        },
        {
          "ancestorTitles": ["createNaturalBlock"],
          "fullName": "createNaturalBlock treats heading children as phrasing content",
          "status": "passed",
          "title": "treats heading children as phrasing content",
          "duration": 0.9541670000000124,
          "failureMessages": [],
          "meta": {},
          "tags": []
        },
        {
          "ancestorTitles": ["createNaturalBlock"],
          "fullName": "createNaturalBlock treats table-cell children as phrasing content",
          "status": "passed",
          "title": "treats table-cell children as phrasing content",
          "duration": 0.1870839999999987,
          "failureMessages": [],
          "meta": {},
          "tags": []
        },
        {
          "ancestorTitles": ["createNaturalBlock"],
          "fullName": "createNaturalBlock creates natural expressions for phrasing children of block nodes",
          "status": "passed",
          "title": "creates natural expressions for phrasing children of block nodes",
          "duration": 0.21712499999998158,
          "failureMessages": [],
          "meta": {},
          "tags": []
        },
        {
          "ancestorTitles": ["createNaturalBlock"],
          "fullName": "createNaturalBlock recurses into non-phrasing children of block nodes",
          "status": "passed",
          "title": "recurses into non-phrasing children of block nodes",
          "duration": 0.15874999999999773,
          "failureMessages": [],
          "meta": {},
          "tags": []
        },
        {
          "ancestorTitles": ["createNaturalBlock"],
          "fullName": "createNaturalBlock creates an empty NaturalBlock for an empty paragraph",
          "status": "passed",
          "title": "creates an empty NaturalBlock for an empty paragraph",
          "duration": 0.11899999999999977,
          "failureMessages": [],
          "meta": {},
          "tags": []
        },
        {
          "ancestorTitles": ["createNaturalBlock"],
          "fullName": "createNaturalBlock does not extract tags when last child is not text",
          "status": "passed",
          "title": "does not extract tags when last child is not text",
          "duration": 0.09962500000000318,
          "failureMessages": [],
          "meta": {},
          "tags": []
        },
        {
          "ancestorTitles": ["createNaturalBlock"],
          "fullName": "createNaturalBlock extracts tags when last text child has trailing tags",
          "status": "passed",
          "title": "extracts tags when last text child has trailing tags",
          "duration": 0.14629199999998832,
          "failureMessages": [],
          "meta": {},
          "tags": []
        }
      ],
      "startTime": 1789511446866,
      "endTime": 1789511446909.217,
      "status": "passed",
      "message": "",
      "name": "/opt/noodlestan/_workspaces/project-workspace-cli/checkouts/art-js-building/libs/constructs/src/constructs/NaturalBlock/private/createNaturalBlock.test.ts"
    },
    {
      "assertionResults": [
        {
          "ancestorTitles": ["createNaturalBlockFromData"],
          "fullName": "createNaturalBlockFromData creates a NaturalBlock from minimal data",
          "status": "passed",
          "title": "creates a NaturalBlock from minimal data",
          "duration": 1.7222089999999923,
          "failureMessages": [],
          "meta": {},
          "tags": []
        },
        {
          "ancestorTitles": ["createNaturalBlockFromData"],
          "fullName": "createNaturalBlockFromData includes optional properties when provided",
          "status": "passed",
          "title": "includes optional properties when provided",
          "duration": 0.7067499999999995,
          "failureMessages": [],
          "meta": {},
          "tags": []
        }
      ],
      "startTime": 1789511447427,
      "endTime": 1789511447429.7068,
      "status": "passed",
      "message": "",
      "name": "/opt/noodlestan/_workspaces/project-workspace-cli/checkouts/art-js-building/libs/constructs/src/constructs/NaturalBlock/private/createNaturalBlockFromData.test.ts"
    },
    {
      "assertionResults": [
        {
          "ancestorTitles": ["createNaturalBlockProcessor"],
          "fullName": "createNaturalBlockProcessor returns a processor that captures a node",
          "status": "passed",
          "title": "returns a processor that captures a node",
          "duration": 1.1498339999999985,
          "failureMessages": [],
          "meta": {},
          "tags": []
        },
        {
          "ancestorTitles": ["createNaturalBlockProcessor"],
          "fullName": "createNaturalBlockProcessor captures a paragraph node as a NaturalBlock",
          "status": "passed",
          "title": "captures a paragraph node as a NaturalBlock",
          "duration": 0.9635410000000206,
          "failureMessages": [],
          "meta": {},
          "tags": []
        }
      ],
      "startTime": 1789511447141,
      "endTime": 1789511447142.9636,
      "status": "passed",
      "message": "",
      "name": "/opt/noodlestan/_workspaces/project-workspace-cli/checkouts/art-js-building/libs/constructs/src/constructs/NaturalBlock/private/createNaturalBlockProcessor.test.ts"
    },
    {
      "assertionResults": [
        {
          "ancestorTitles": ["NaturalBlock type"],
          "fullName": "NaturalBlock type accepts a valid NaturalBlock",
          "status": "passed",
          "title": "accepts a valid NaturalBlock",
          "duration": 1.1682909999999964,
          "failureMessages": [],
          "meta": {},
          "tags": []
        }
      ],
      "startTime": 1789511448037,
      "endTime": 1789511448038.1682,
      "status": "passed",
      "message": "",
      "name": "/opt/noodlestan/_workspaces/project-workspace-cli/checkouts/art-js-building/libs/constructs/src/constructs/NaturalBlock/private/types.test.ts"
    },
    {
      "assertionResults": [
        {
          "ancestorTitles": ["KIND_PATTERN"],
          "fullName": "KIND_PATTERN matches a kind pattern",
          "status": "passed",
          "title": "matches a kind pattern",
          "duration": 1.2536249999999995,
          "failureMessages": [],
          "meta": {},
          "tags": []
        },
        {
          "ancestorTitles": ["KIND_PATTERN"],
          "fullName": "KIND_PATTERN does not match text without colon",
          "status": "passed",
          "title": "does not match text without colon",
          "duration": 0.1705000000000041,
          "failureMessages": [],
          "meta": {},
          "tags": []
        }
      ],
      "startTime": 1789511447893,
      "endTime": 1789511447894.2537,
      "status": "passed",
      "message": "",
      "name": "/opt/noodlestan/_workspaces/project-workspace-cli/checkouts/art-js-building/libs/constructs/src/constructs/SectionBlock/private/constants.test.ts"
    },
    {
      "assertionResults": [
        {
          "ancestorTitles": ["createSectionBlockFromData"],
          "fullName": "createSectionBlockFromData creates a SectionBlock from minimal data",
          "status": "passed",
          "title": "creates a SectionBlock from minimal data",
          "duration": 1.4644580000000076,
          "failureMessages": [],
          "meta": {},
          "tags": []
        },
        {
          "ancestorTitles": ["createSectionBlockFromData"],
          "fullName": "createSectionBlockFromData includes optional properties when provided",
          "status": "passed",
          "title": "includes optional properties when provided",
          "duration": 0.7612499999999898,
          "failureMessages": [],
          "meta": {},
          "tags": []
        }
      ],
      "startTime": 1789511447329,
      "endTime": 1789511447331.7612,
      "status": "passed",
      "message": "",
      "name": "/opt/noodlestan/_workspaces/project-workspace-cli/checkouts/art-js-building/libs/constructs/src/constructs/SectionBlock/private/createSectionBlockFromData.test.ts"
    },
    {
      "assertionResults": [
        {
          "ancestorTitles": ["createSectionBlockIntegrator"],
          "fullName": "createSectionBlockIntegrator returns an integrator that captures the construct and returns a new context",
          "status": "passed",
          "title": "returns an integrator that captures the construct and returns a new context",
          "duration": 23.770708000000013,
          "failureMessages": [],
          "meta": {},
          "tags": []
        },
        {
          "ancestorTitles": ["createSectionBlockIntegrator"],
          "fullName": "createSectionBlockIntegrator breaks immediately when current context is not a SectionBlock",
          "status": "passed",
          "title": "breaks immediately when current context is not a SectionBlock",
          "duration": 2.944000000000017,
          "failureMessages": [],
          "meta": {},
          "tags": []
        },
        {
          "ancestorTitles": ["createSectionBlockIntegrator"],
          "fullName": "createSectionBlockIntegrator pops to parent when parent section depth is greater than or equal to heading depth",
          "status": "passed",
          "title": "pops to parent when parent section depth is greater than or equal to heading depth",
          "duration": 0.8136670000000095,
          "failureMessages": [],
          "meta": {},
          "tags": []
        },
        {
          "ancestorTitles": ["createSectionBlockIntegrator"],
          "fullName": "createSectionBlockIntegrator stops popping when parent section depth is less than heading depth",
          "status": "passed",
          "title": "stops popping when parent section depth is less than heading depth",
          "duration": 0.5217499999999973,
          "failureMessages": [],
          "meta": {},
          "tags": []
        },
        {
          "ancestorTitles": ["createSectionBlockIntegrator"],
          "fullName": "createSectionBlockIntegrator returns the same context when the new context has no onBeforeConstruct hook",
          "status": "passed",
          "title": "returns the same context when the new context has no onBeforeConstruct hook",
          "duration": 0.480624999999975,
          "failureMessages": [],
          "meta": {},
          "tags": []
        }
      ],
      "startTime": 1789511446691,
      "endTime": 1789511446719.4807,
      "status": "passed",
      "message": "",
      "name": "/opt/noodlestan/_workspaces/project-workspace-cli/checkouts/art-js-building/libs/constructs/src/constructs/SectionBlock/private/createSectionBlockIntegrator.test.ts"
    },
    {
      "assertionResults": [
        {
          "ancestorTitles": ["createSectionBlockProcessor"],
          "fullName": "createSectionBlockProcessor returns a processor that captures a heading node",
          "status": "passed",
          "title": "returns a processor that captures a heading node",
          "duration": 30.990792,
          "failureMessages": [],
          "meta": {},
          "tags": []
        },
        {
          "ancestorTitles": ["createSectionBlockProcessor"],
          "fullName": "createSectionBlockProcessor returns null for non-heading nodes",
          "status": "passed",
          "title": "returns null for non-heading nodes",
          "duration": 0.24212499999998727,
          "failureMessages": [],
          "meta": {},
          "tags": []
        },
        {
          "ancestorTitles": ["createSectionBlock"],
          "fullName": "createSectionBlock creates a SectionBlock from a heading",
          "status": "passed",
          "title": "creates a SectionBlock from a heading",
          "duration": 0.296291999999994,
          "failureMessages": [],
          "meta": {},
          "tags": []
        },
        {
          "ancestorTitles": ["createSectionBlock"],
          "fullName": "createSectionBlock extracts kind from heading text",
          "status": "passed",
          "title": "extracts kind from heading text",
          "duration": 0.16066599999999198,
          "failureMessages": [],
          "meta": {},
          "tags": []
        },
        {
          "ancestorTitles": ["createSectionBlock"],
          "fullName": "createSectionBlock extracts tags from heading text",
          "status": "passed",
          "title": "extracts tags from heading text",
          "duration": 0.5914579999999887,
          "failureMessages": [],
          "meta": {},
          "tags": []
        }
      ],
      "startTime": 1789511446892,
      "endTime": 1789511446923.5916,
      "status": "passed",
      "message": "",
      "name": "/opt/noodlestan/_workspaces/project-workspace-cli/checkouts/art-js-building/libs/constructs/src/constructs/SectionBlock/private/createSectionBlockProcessor.test.ts"
    },
    {
      "assertionResults": [
        {
          "ancestorTitles": ["findTagable"],
          "fullName": "findTagable returns the section block when found in context chain",
          "status": "passed",
          "title": "returns the section block when found in context chain",
          "duration": 1.1412500000000136,
          "failureMessages": [],
          "meta": {},
          "tags": []
        },
        {
          "ancestorTitles": ["findTagable"],
          "fullName": "findTagable returns undefined when no section block is found",
          "status": "passed",
          "title": "returns undefined when no section block is found",
          "duration": 0.140041999999994,
          "failureMessages": [],
          "meta": {},
          "tags": []
        },
        {
          "ancestorTitles": ["findTagable"],
          "fullName": "findTagable walks up the parent chain",
          "status": "passed",
          "title": "walks up the parent chain",
          "duration": 0.10495900000000802,
          "failureMessages": [],
          "meta": {},
          "tags": []
        }
      ],
      "startTime": 1789511447988,
      "endTime": 1789511447989.1414,
      "status": "passed",
      "message": "",
      "name": "/opt/noodlestan/_workspaces/project-workspace-cli/checkouts/art-js-building/libs/constructs/src/constructs/SectionBlock/private/findTagable.test.ts"
    },
    {
      "assertionResults": [
        {
          "ancestorTitles": ["SectionBlock type"],
          "fullName": "SectionBlock type accepts a valid SectionBlock",
          "status": "passed",
          "title": "accepts a valid SectionBlock",
          "duration": 1.1990420000000057,
          "failureMessages": [],
          "meta": {},
          "tags": []
        }
      ],
      "startTime": 1789511448036,
      "endTime": 1789511448037.199,
      "status": "passed",
      "message": "",
      "name": "/opt/noodlestan/_workspaces/project-workspace-cli/checkouts/art-js-building/libs/constructs/src/constructs/SectionBlock/private/types.test.ts"
    },
    {
      "assertionResults": [
        {
          "ancestorTitles": ["TAG_PATTERN"],
          "fullName": "TAG_PATTERN matches a tag pattern",
          "status": "passed",
          "title": "matches a tag pattern",
          "duration": 1.2111250000000098,
          "failureMessages": [],
          "meta": {},
          "tags": []
        },
        {
          "ancestorTitles": ["TAG_PATTERN"],
          "fullName": "TAG_PATTERN does not match non-tag text",
          "status": "passed",
          "title": "does not match non-tag text",
          "duration": 0.13291699999999196,
          "failureMessages": [],
          "meta": {},
          "tags": []
        }
      ],
      "startTime": 1789511447844,
      "endTime": 1789511447846.1328,
      "status": "passed",
      "message": "",
      "name": "/opt/noodlestan/_workspaces/project-workspace-cli/checkouts/art-js-building/libs/constructs/src/constructs/Tag/private/constants.test.ts"
    },
    {
      "assertionResults": [
        {
          "ancestorTitles": ["createTag"],
          "fullName": "createTag creates a Tag from data",
          "status": "passed",
          "title": "creates a Tag from data",
          "duration": 1.5082500000000039,
          "failureMessages": [],
          "meta": {},
          "tags": []
        }
      ],
      "startTime": 1789511447800,
      "endTime": 1789511447801.5083,
      "status": "passed",
      "message": "",
      "name": "/opt/noodlestan/_workspaces/project-workspace-cli/checkouts/art-js-building/libs/constructs/src/constructs/Tag/private/createTag.test.ts"
    },
    {
      "assertionResults": [
        {
          "ancestorTitles": ["extractTags"],
          "fullName": "extractTags returns empty tags and unmodified text when there are no tags",
          "status": "passed",
          "title": "returns empty tags and unmodified text when there are no tags",
          "duration": 3.7927500000000123,
          "failureMessages": [],
          "meta": {},
          "tags": []
        },
        {
          "ancestorTitles": ["extractTags"],
          "fullName": "extractTags extracts a single trailing tag",
          "status": "passed",
          "title": "extracts a single trailing tag",
          "duration": 0.35558399999999324,
          "failureMessages": [],
          "meta": {},
          "tags": []
        },
        {
          "ancestorTitles": ["extractTags"],
          "fullName": "extractTags extracts multiple trailing tags",
          "status": "passed",
          "title": "extracts multiple trailing tags",
          "duration": 0.09924999999998363,
          "failureMessages": [],
          "meta": {},
          "tags": []
        },
        {
          "ancestorTitles": ["extractTags"],
          "fullName": "extractTags returns empty tags and unmodified text when the only tag is in the middle",
          "status": "passed",
          "title": "returns empty tags and unmodified text when the only tag is in the middle",
          "duration": 0.070083000000011,
          "failureMessages": [],
          "meta": {},
          "tags": []
        },
        {
          "ancestorTitles": ["extractTags"],
          "fullName": "extractTags extracts only the trailing valid tag, keeping the middle tag in the text",
          "status": "passed",
          "title": "extracts only the trailing valid tag, keeping the middle tag in the text",
          "duration": 0.07691600000001131,
          "failureMessages": [],
          "meta": {},
          "tags": []
        },
        {
          "ancestorTitles": ["extractTags"],
          "fullName": "extractTags ignores whitespace after the last tag and still extracts it",
          "status": "passed",
          "title": "ignores whitespace after the last tag and still extracts it",
          "duration": 0.06708400000002257,
          "failureMessages": [],
          "meta": {},
          "tags": []
        },
        {
          "ancestorTitles": ["extractTags"],
          "fullName": "extractTags returns empty tags and unmodified text when there are no tags but trailing whitespace",
          "status": "passed",
          "title": "returns empty tags and unmodified text when there are no tags but trailing whitespace",
          "duration": 0.05787499999999568,
          "failureMessages": [],
          "meta": {},
          "tags": []
        },
        {
          "ancestorTitles": ["extractTags"],
          "fullName": "extractTags returns empty tags when text is only a tag with no preceding text",
          "status": "passed",
          "title": "returns empty tags when text is only a tag with no preceding text",
          "duration": 0.06162500000002069,
          "failureMessages": [],
          "meta": {},
          "tags": []
        },
        {
          "ancestorTitles": ["extractTags"],
          "fullName": "extractTags returns empty tags for empty string",
          "status": "passed",
          "title": "returns empty tags for empty string",
          "duration": 0.06708299999999667,
          "failureMessages": [],
          "meta": {},
          "tags": []
        }
      ],
      "startTime": 1789511447517,
      "endTime": 1789511447522.0994,
      "status": "passed",
      "message": "",
      "name": "/opt/noodlestan/_workspaces/project-workspace-cli/checkouts/art-js-building/libs/constructs/src/constructs/Tag/private/extractTags.test.ts"
    },
    {
      "assertionResults": [
        {
          "ancestorTitles": ["tagToMdast"],
          "fullName": "tagToMdast returns a text node with the tag name",
          "status": "passed",
          "title": "returns a text node with the tag name",
          "duration": 3.8163749999999936,
          "failureMessages": [],
          "meta": {},
          "tags": []
        }
      ],
      "startTime": 1789511447893,
      "endTime": 1789511447896.8164,
      "status": "passed",
      "message": "",
      "name": "/opt/noodlestan/_workspaces/project-workspace-cli/checkouts/art-js-building/libs/constructs/src/constructs/Tag/private/tagToMdast.test.ts"
    },
    {
      "assertionResults": [
        {
          "ancestorTitles": ["tagsToMdast"],
          "fullName": "tagsToMdast joins tag values into a text node",
          "status": "passed",
          "title": "joins tag values into a text node",
          "duration": 38.89141600000002,
          "failureMessages": [],
          "meta": {},
          "tags": []
        }
      ],
      "startTime": 1789511446615,
      "endTime": 1789511446653.8914,
      "status": "passed",
      "message": "",
      "name": "/opt/noodlestan/_workspaces/project-workspace-cli/checkouts/art-js-building/libs/constructs/src/constructs/Tag/private/tagsToMdast.test.ts"
    },
    {
      "assertionResults": [
        {
          "ancestorTitles": ["Tag type"],
          "fullName": "Tag type accepts a valid Tag",
          "status": "passed",
          "title": "accepts a valid Tag",
          "duration": 1.1901670000000024,
          "failureMessages": [],
          "meta": {},
          "tags": []
        }
      ],
      "startTime": 1789511447890,
      "endTime": 1789511447891.1902,
      "status": "passed",
      "message": "",
      "name": "/opt/noodlestan/_workspaces/project-workspace-cli/checkouts/art-js-building/libs/constructs/src/constructs/Tag/private/types.test.ts"
    }
  ],
  "coverageMap": {
    "/opt/noodlestan/_workspaces/project-workspace-cli/checkouts/art-js-building/libs/constructs/src/constructs/Document/createDocument.ts": {
      "path": "/opt/noodlestan/_workspaces/project-workspace-cli/checkouts/art-js-building/libs/constructs/src/constructs/Document/createDocument.ts",
      "statementMap": {
        "0": { "start": { "line": 7, "column": 1 }, "end": { "line": 11, "column": null } }
      },
      "fnMap": {
        "0": {
          "name": "createDocument",
          "decl": { "start": { "line": 6, "column": 16 }, "end": { "line": 6, "column": 31 } },
          "loc": { "start": { "line": 6, "column": 56 }, "end": { "line": 12, "column": null } },
          "line": 6
        }
      },
      "branchMap": {},
      "s": { "0": 1 },
      "f": { "0": 1 },
      "b": {},
      "meta": {
        "lastBranch": 0,
        "lastFunction": 1,
        "lastStatement": 1,
        "seen": { "f:6:16:6:31": 0, "s:7:1:11:Infinity": 0 },
        "fnNames": {}
      }
    },
    "/opt/noodlestan/_workspaces/project-workspace-cli/checkouts/art-js-building/libs/constructs/src/constructs/FieldBlock/createFieldBlockParser.ts": {
      "path": "/opt/noodlestan/_workspaces/project-workspace-cli/checkouts/art-js-building/libs/constructs/src/constructs/FieldBlock/createFieldBlockParser.ts",
      "statementMap": {
        "0": { "start": { "line": 10, "column": 13 }, "end": { "line": 15, "column": null } },
        "1": { "start": { "line": 10, "column": 69 }, "end": { "line": 15, "column": null } },
        "2": { "start": { "line": 14, "column": 22 }, "end": { "line": 14, "column": 86 } }
      },
      "fnMap": {
        "0": {
          "name": "(anonymous_0)",
          "decl": { "start": { "line": 10, "column": 13 }, "end": { "line": 10, "column": 69 } },
          "loc": { "start": { "line": 10, "column": 69 }, "end": { "line": 15, "column": null } },
          "line": 10
        },
        "1": {
          "name": "(anonymous_1)",
          "decl": { "start": { "line": 14, "column": 12 }, "end": { "line": 14, "column": 22 } },
          "loc": { "start": { "line": 14, "column": 22 }, "end": { "line": 14, "column": 86 } },
          "line": 14
        }
      },
      "branchMap": {},
      "s": { "0": 1, "1": 1, "2": 1 },
      "f": { "0": 1, "1": 1 },
      "b": {},
      "meta": {
        "lastBranch": 0,
        "lastFunction": 2,
        "lastStatement": 3,
        "seen": {
          "s:10:13:15:Infinity": 0,
          "f:10:13:10:69": 0,
          "s:10:69:15:Infinity": 1,
          "f:14:12:14:22": 1,
          "s:14:22:14:86": 2
        },
        "fnNames": {}
      }
    },
    "/opt/noodlestan/_workspaces/project-workspace-cli/checkouts/art-js-building/libs/constructs/src/constructs/FieldBlock/private/constants.ts": {
      "path": "/opt/noodlestan/_workspaces/project-workspace-cli/checkouts/art-js-building/libs/constructs/src/constructs/FieldBlock/private/constants.ts",
      "statementMap": {
        "0": { "start": { "line": 1, "column": 34 }, "end": { "line": 1, "column": 64 } }
      },
      "fnMap": {},
      "branchMap": {},
      "s": { "0": 5 },
      "f": {},
      "b": {},
      "meta": {
        "lastBranch": 0,
        "lastFunction": 0,
        "lastStatement": 1,
        "seen": { "s:1:34:1:64": 0 },
        "fnNames": {}
      }
    },
    "/opt/noodlestan/_workspaces/project-workspace-cli/checkouts/art-js-building/libs/constructs/src/constructs/FieldBlock/createFieldBlockToMdast.ts": {
      "path": "/opt/noodlestan/_workspaces/project-workspace-cli/checkouts/art-js-building/libs/constructs/src/constructs/FieldBlock/createFieldBlockToMdast.ts",
      "statementMap": {
        "0": { "start": { "line": 9, "column": 1 }, "end": { "line": 26, "column": null } },
        "1": { "start": { "line": 13, "column": 17 }, "end": { "line": 13, "column": null } },
        "2": { "start": { "line": 14, "column": 19 }, "end": { "line": 14, "column": null } },
        "3": { "start": { "line": 15, "column": 3 }, "end": { "line": 24, "column": null } }
      },
      "fnMap": {
        "0": {
          "name": "createFieldBlockToMdast",
          "decl": { "start": { "line": 8, "column": 16 }, "end": { "line": 8, "column": 63 } },
          "loc": { "start": { "line": 8, "column": 63 }, "end": { "line": 27, "column": null } },
          "line": 8
        },
        "1": {
          "name": "toMdast",
          "decl": { "start": { "line": 12, "column": 2 }, "end": { "line": 12, "column": 10 } },
          "loc": { "start": { "line": 12, "column": 27 }, "end": { "line": 25, "column": null } },
          "line": 12
        }
      },
      "branchMap": {
        "0": {
          "loc": { "start": { "line": 14, "column": 19 }, "end": { "line": 14, "column": null } },
          "type": "cond-expr",
          "locations": [
            { "start": { "line": 14, "column": 31 }, "end": { "line": 14, "column": 66 } },
            { "start": { "line": 14, "column": 66 }, "end": { "line": 14, "column": null } }
          ],
          "line": 14
        },
        "1": {
          "loc": { "start": { "line": 22, "column": 9 }, "end": { "line": 22, "column": null } },
          "type": "cond-expr",
          "locations": [
            { "start": { "line": 22, "column": 19 }, "end": { "line": 22, "column": 31 } },
            { "start": { "line": 22, "column": 31 }, "end": { "line": 22, "column": null } }
          ],
          "line": 22
        }
      },
      "s": { "0": 2, "1": 2, "2": 2, "3": 2 },
      "f": { "0": 2, "1": 2 },
      "b": { "0": [1, 1], "1": [1, 1] },
      "meta": {
        "lastBranch": 2,
        "lastFunction": 2,
        "lastStatement": 4,
        "seen": {
          "f:8:16:8:63": 0,
          "s:9:1:26:Infinity": 0,
          "f:12:2:12:10": 1,
          "s:13:17:13:Infinity": 1,
          "s:14:19:14:Infinity": 2,
          "b:14:31:14:66:14:66:14:Infinity": 0,
          "s:15:3:24:Infinity": 3,
          "b:22:19:22:31:22:31:22:Infinity": 1
        },
        "fnNames": {}
      }
    },
    "/opt/noodlestan/_workspaces/project-workspace-cli/checkouts/art-js-building/libs/constructs/src/constructs/Document/createDocumentToMdast.ts": {
      "path": "/opt/noodlestan/_workspaces/project-workspace-cli/checkouts/art-js-building/libs/constructs/src/constructs/Document/createDocumentToMdast.ts",
      "statementMap": {
        "0": { "start": { "line": 6, "column": 1 }, "end": { "line": 14, "column": null } },
        "1": { "start": { "line": 9, "column": 3 }, "end": { "line": 12, "column": null } }
      },
      "fnMap": {
        "0": {
          "name": "createDocumentToMdast",
          "decl": { "start": { "line": 5, "column": 16 }, "end": { "line": 5, "column": 61 } },
          "loc": { "start": { "line": 5, "column": 61 }, "end": { "line": 15, "column": null } },
          "line": 5
        },
        "1": {
          "name": "toMdast",
          "decl": { "start": { "line": 8, "column": 2 }, "end": { "line": 8, "column": 10 } },
          "loc": { "start": { "line": 8, "column": 27 }, "end": { "line": 13, "column": null } },
          "line": 8
        }
      },
      "branchMap": {},
      "s": { "0": 1, "1": 1 },
      "f": { "0": 1, "1": 1 },
      "b": {},
      "meta": {
        "lastBranch": 0,
        "lastFunction": 2,
        "lastStatement": 2,
        "seen": {
          "f:5:16:5:61": 0,
          "s:6:1:14:Infinity": 0,
          "f:8:2:8:10": 1,
          "s:9:3:12:Infinity": 1
        },
        "fnNames": {}
      }
    },
    "/opt/noodlestan/_workspaces/project-workspace-cli/checkouts/art-js-building/libs/constructs/src/constructs/Document/private/createDocumentFromData.ts": {
      "path": "/opt/noodlestan/_workspaces/project-workspace-cli/checkouts/art-js-building/libs/constructs/src/constructs/Document/private/createDocumentFromData.ts",
      "statementMap": {
        "0": { "start": { "line": 9, "column": 1 }, "end": { "line": 9, "column": null } }
      },
      "fnMap": {
        "0": {
          "name": "createDocumentFromData",
          "decl": { "start": { "line": 8, "column": 16 }, "end": { "line": 8, "column": 39 } },
          "loc": { "start": { "line": 8, "column": 79 }, "end": { "line": 10, "column": null } },
          "line": 8
        }
      },
      "branchMap": {},
      "s": { "0": 2 },
      "f": { "0": 2 },
      "b": {},
      "meta": {
        "lastBranch": 0,
        "lastFunction": 1,
        "lastStatement": 1,
        "seen": { "f:8:16:8:39": 0, "s:9:1:9:Infinity": 0 },
        "fnNames": {}
      }
    },
    "/opt/noodlestan/_workspaces/project-workspace-cli/checkouts/art-js-building/libs/constructs/src/constructs/FieldBlock/private/createFieldBlockFromData.ts": {
      "path": "/opt/noodlestan/_workspaces/project-workspace-cli/checkouts/art-js-building/libs/constructs/src/constructs/FieldBlock/private/createFieldBlockFromData.ts",
      "statementMap": {
        "0": { "start": { "line": 13, "column": 27 }, "end": { "line": 17, "column": null } },
        "1": { "start": { "line": 18, "column": 1 }, "end": { "line": 18, "column": null } },
        "2": { "start": { "line": 18, "column": 24 }, "end": { "line": 18, "column": null } },
        "3": { "start": { "line": 19, "column": 1 }, "end": { "line": 19, "column": null } }
      },
      "fnMap": {
        "0": {
          "name": "createFieldBlockFromData",
          "decl": { "start": { "line": 12, "column": 16 }, "end": { "line": 12, "column": 41 } },
          "loc": { "start": { "line": 12, "column": 82 }, "end": { "line": 20, "column": null } },
          "line": 12
        }
      },
      "branchMap": {
        "0": {
          "loc": { "start": { "line": 16, "column": 12 }, "end": { "line": 16, "column": null } },
          "type": "binary-expr",
          "locations": [
            { "start": { "line": 16, "column": 12 }, "end": { "line": 16, "column": 29 } },
            { "start": { "line": 16, "column": 29 }, "end": { "line": 16, "column": null } }
          ],
          "line": 16
        },
        "1": {
          "loc": { "start": { "line": 18, "column": 1 }, "end": { "line": 18, "column": null } },
          "type": "if",
          "locations": [
            { "start": { "line": 18, "column": 1 }, "end": { "line": 18, "column": null } },
            { "start": {}, "end": {} }
          ],
          "line": 18
        }
      },
      "s": { "0": 3, "1": 3, "2": 1, "3": 3 },
      "f": { "0": 3 },
      "b": { "0": [3, 2], "1": [1, 2] },
      "meta": {
        "lastBranch": 2,
        "lastFunction": 1,
        "lastStatement": 4,
        "seen": {
          "f:12:16:12:41": 0,
          "s:13:27:17:Infinity": 0,
          "b:16:12:16:29:16:29:16:Infinity": 0,
          "b:18:1:18:Infinity:undefined:undefined:undefined:undefined": 1,
          "s:18:1:18:Infinity": 1,
          "s:18:24:18:Infinity": 2,
          "s:19:1:19:Infinity": 3
        },
        "fnNames": {}
      }
    },
    "/opt/noodlestan/_workspaces/project-workspace-cli/checkouts/art-js-building/libs/constructs/src/constructs/Document/createDocumentParser.ts": {
      "path": "/opt/noodlestan/_workspaces/project-workspace-cli/checkouts/art-js-building/libs/constructs/src/constructs/Document/createDocumentParser.ts",
      "statementMap": {
        "0": { "start": { "line": 6, "column": 13 }, "end": { "line": 11, "column": null } },
        "1": { "start": { "line": 6, "column": 67 }, "end": { "line": 11, "column": null } },
        "2": { "start": { "line": 9, "column": 12 }, "end": { "line": 9, "column": null } }
      },
      "fnMap": {
        "0": {
          "name": "(anonymous_0)",
          "decl": { "start": { "line": 6, "column": 13 }, "end": { "line": 6, "column": 67 } },
          "loc": { "start": { "line": 6, "column": 67 }, "end": { "line": 11, "column": null } },
          "line": 6
        },
        "1": {
          "name": "(anonymous_1)",
          "decl": { "start": { "line": 9, "column": 2 }, "end": { "line": 9, "column": 12 } },
          "loc": { "start": { "line": 9, "column": 12 }, "end": { "line": 9, "column": null } },
          "line": 9
        }
      },
      "branchMap": {},
      "s": { "0": 1, "1": 1, "2": 1 },
      "f": { "0": 1, "1": 1 },
      "b": {},
      "meta": {
        "lastBranch": 0,
        "lastFunction": 2,
        "lastStatement": 3,
        "seen": {
          "s:6:13:11:Infinity": 0,
          "f:6:13:6:67": 0,
          "s:6:67:11:Infinity": 1,
          "f:9:2:9:12": 1,
          "s:9:12:9:Infinity": 2
        },
        "fnNames": {}
      }
    },
    "/opt/noodlestan/_workspaces/project-workspace-cli/checkouts/art-js-building/libs/constructs/src/constructs/FieldBlock/private/createFieldBlockIntegrator.ts": {
      "path": "/opt/noodlestan/_workspaces/project-workspace-cli/checkouts/art-js-building/libs/constructs/src/constructs/FieldBlock/private/createFieldBlockIntegrator.ts",
      "statementMap": {
        "0": { "start": { "line": 8, "column": 31 }, "end": { "line": 8, "column": null } },
        "1": { "start": { "line": 14, "column": 1 }, "end": { "line": 16, "column": null } },
        "2": { "start": { "line": 15, "column": 2 }, "end": { "line": 15, "column": null } },
        "3": { "start": { "line": 18, "column": 16 }, "end": { "line": 18, "column": null } },
        "4": { "start": { "line": 19, "column": 1 }, "end": { "line": 21, "column": null } },
        "5": { "start": { "line": 20, "column": 2 }, "end": { "line": 20, "column": null } },
        "6": { "start": { "line": 23, "column": 1 }, "end": { "line": 23, "column": null } },
        "7": { "start": { "line": 27, "column": 1 }, "end": { "line": 33, "column": null } },
        "8": { "start": { "line": 29, "column": 17 }, "end": { "line": 29, "column": null } },
        "9": { "start": { "line": 30, "column": 3 }, "end": { "line": 30, "column": null } },
        "10": { "start": { "line": 31, "column": 3 }, "end": { "line": 31, "column": null } }
      },
      "fnMap": {
        "0": {
          "name": "onBeforeConstruct",
          "decl": { "start": { "line": 10, "column": 9 }, "end": { "line": 10, "column": null } },
          "loc": { "start": { "line": 13, "column": 22 }, "end": { "line": 24, "column": null } },
          "line": 13
        },
        "1": {
          "name": "createFieldBlockIntegrator",
          "decl": { "start": { "line": 26, "column": 16 }, "end": { "line": 26, "column": 66 } },
          "loc": { "start": { "line": 26, "column": 66 }, "end": { "line": 34, "column": null } },
          "line": 26
        },
        "2": {
          "name": "integrate",
          "decl": { "start": { "line": 28, "column": 2 }, "end": { "line": 28, "column": 12 } },
          "loc": { "start": { "line": 28, "column": 39 }, "end": { "line": 32, "column": null } },
          "line": 28
        }
      },
      "branchMap": {
        "0": {
          "loc": { "start": { "line": 14, "column": 1 }, "end": { "line": 16, "column": null } },
          "type": "if",
          "locations": [
            { "start": { "line": 14, "column": 1 }, "end": { "line": 16, "column": null } },
            { "start": {}, "end": {} }
          ],
          "line": 14
        },
        "1": {
          "loc": { "start": { "line": 19, "column": 1 }, "end": { "line": 21, "column": null } },
          "type": "if",
          "locations": [
            { "start": { "line": 19, "column": 1 }, "end": { "line": 21, "column": null } },
            { "start": {}, "end": {} }
          ],
          "line": 19
        }
      },
      "s": {
        "0": 2,
        "1": 2,
        "2": 1,
        "3": 1,
        "4": 1,
        "5": 0,
        "6": 1,
        "7": 4,
        "8": 3,
        "9": 3,
        "10": 3
      },
      "f": { "0": 2, "1": 4, "2": 3 },
      "b": { "0": [1, 1], "1": [0, 1] },
      "meta": {
        "lastBranch": 2,
        "lastFunction": 3,
        "lastStatement": 11,
        "seen": {
          "s:8:31:8:Infinity": 0,
          "f:10:9:10:Infinity": 0,
          "b:14:1:16:Infinity:undefined:undefined:undefined:undefined": 0,
          "s:14:1:16:Infinity": 1,
          "s:15:2:15:Infinity": 2,
          "s:18:16:18:Infinity": 3,
          "b:19:1:21:Infinity:undefined:undefined:undefined:undefined": 1,
          "s:19:1:21:Infinity": 4,
          "s:20:2:20:Infinity": 5,
          "s:23:1:23:Infinity": 6,
          "f:26:16:26:66": 1,
          "s:27:1:33:Infinity": 7,
          "f:28:2:28:12": 2,
          "s:29:17:29:Infinity": 8,
          "s:30:3:30:Infinity": 9,
          "s:31:3:31:Infinity": 10
        },
        "fnNames": {}
      }
    },
    "/opt/noodlestan/_workspaces/project-workspace-cli/checkouts/art-js-building/libs/constructs/src/constructs/FieldBlock/private/createFieldBlockProcessor.ts": {
      "path": "/opt/noodlestan/_workspaces/project-workspace-cli/checkouts/art-js-building/libs/constructs/src/constructs/FieldBlock/private/createFieldBlockProcessor.ts",
      "statementMap": {
        "0": { "start": { "line": 11, "column": 1 }, "end": { "line": 25, "column": null } },
        "1": { "start": { "line": 13, "column": 3 }, "end": { "line": 13, "column": null } },
        "2": { "start": { "line": 13, "column": 34 }, "end": { "line": 13, "column": null } },
        "3": { "start": { "line": 14, "column": 21 }, "end": { "line": 14, "column": null } },
[...]
          "locations": [
            { "start": { "line": 15, "column": 35 }, "end": { "line": 15, "column": 60 } },
            { "start": { "line": 15, "column": 60 }, "end": { "line": 15, "column": null } }
          ],
          "line": 15
        },
        "4": {
          "loc": { "start": { "line": 16, "column": 5 }, "end": { "line": 16, "column": null } },
          "type": "cond-expr",
          "locations": [
            { "start": { "line": 16, "column": 35 }, "end": { "line": 16, "column": 60 } },
            { "start": { "line": 16, "column": 60 }, "end": { "line": 16, "column": null } }
          ],
          "line": 16
        }
      },
      "s": { "0": 6, "1": 16 },
      "f": { "0": 16 },
      "b": { "0": [16, 12], "1": [16, 16], "2": [5, 11], "3": [0, 16], "4": [1, 15] },
      "meta": {
        "lastBranch": 5,
        "lastFunction": 1,
        "lastStatement": 2,
        "seen": {
          "s:4:13:17:Infinity": 0,
          "f:4:13:4:33": 0,
          "s:10:21:17:Infinity": 1,
          "b:12:7:12:24:12:24:12:Infinity": 0,
          "b:13:11:13:32:13:32:13:Infinity": 1,
          "b:14:36:14:63:14:63:14:Infinity": 2,
          "b:15:35:15:60:15:60:15:Infinity": 3,
          "b:16:35:16:60:16:60:16:Infinity": 4
        },
        "fnNames": {}
      }
    },
    "/opt/noodlestan/_workspaces/project-workspace-cli/checkouts/art-js-building/libs/constructs/src/test/helpers/stripStrong/makeStripStrongMock.ts": {
      "path": "/opt/noodlestan/_workspaces/project-workspace-cli/checkouts/art-js-building/libs/constructs/src/test/helpers/stripStrong/makeStripStrongMock.ts",
      "statementMap": {
        "0": { "start": { "line": 3, "column": 13 }, "end": { "line": 7, "column": null } },
        "1": { "start": { "line": 5, "column": 49 }, "end": { "line": 7, "column": null } },
        "2": { "start": { "line": 6, "column": 26 }, "end": { "line": 6, "column": 37 } }
      },
      "fnMap": {
        "0": {
          "name": "(anonymous_0)",
          "decl": { "start": { "line": 3, "column": 13 }, "end": { "line": 3, "column": null } },
          "loc": { "start": { "line": 5, "column": 49 }, "end": { "line": 7, "column": null } },
          "line": 5
        },
        "1": {
          "name": "(anonymous_1)",
          "decl": { "start": { "line": 6, "column": 17 }, "end": { "line": 6, "column": 26 } },
          "loc": { "start": { "line": 6, "column": 26 }, "end": { "line": 6, "column": 37 } },
          "line": 6
        }
      },
      "branchMap": {
        "0": {
          "loc": { "start": { "line": 4, "column": 1 }, "end": { "line": 4, "column": null } },
          "type": "default-arg",
          "locations": [
            { "start": { "line": 4, "column": 23 }, "end": { "line": 4, "column": null } }
          ],
          "line": 4
        }
      },
      "s": { "0": 2, "1": 2, "2": 3 },
      "f": { "0": 2, "1": 3 },
      "b": { "0": [2] },
      "meta": {
        "lastBranch": 1,
        "lastFunction": 2,
        "lastStatement": 3,
        "seen": {
          "s:3:13:7:Infinity": 0,
          "f:3:13:3:Infinity": 0,
          "s:5:49:7:Infinity": 1,
          "b:4:23:4:Infinity": 0,
          "f:6:17:6:26": 1,
          "s:6:26:6:37": 2
        },
        "fnNames": {}
      }
    },
    "/opt/noodlestan/_workspaces/project-workspace-cli/checkouts/art-js-building/libs/constructs/src/test/helpers/naturalBlock/makeNaturalBlock.ts": {
      "path": "/opt/noodlestan/_workspaces/project-workspace-cli/checkouts/art-js-building/libs/constructs/src/test/helpers/naturalBlock/makeNaturalBlock.ts",
      "statementMap": {
        "0": { "start": { "line": 4, "column": 13 }, "end": { "line": 19, "column": null } },
        "1": { "start": { "line": 11, "column": 21 }, "end": { "line": 19, "column": null } }
      },
      "fnMap": {
        "0": {
          "name": "(anonymous_0)",
          "decl": { "start": { "line": 4, "column": 13 }, "end": { "line": 4, "column": 33 } },
          "loc": { "start": { "line": 11, "column": 21 }, "end": { "line": 19, "column": null } },
          "line": 11
        }
      },
      "branchMap": {
        "0": {
          "loc": { "start": { "line": 13, "column": 8 }, "end": { "line": 13, "column": null } },
          "type": "binary-expr",
          "locations": [
            { "start": { "line": 13, "column": 8 }, "end": { "line": 13, "column": 26 } },
            { "start": { "line": 13, "column": 26 }, "end": { "line": 13, "column": null } }
          ],
          "line": 13
        },
        "1": {
          "loc": { "start": { "line": 14, "column": 11 }, "end": { "line": 14, "column": null } },
          "type": "binary-expr",
          "locations": [
            { "start": { "line": 14, "column": 11 }, "end": { "line": 14, "column": 32 } },
            { "start": { "line": 14, "column": 32 }, "end": { "line": 14, "column": null } }
          ],
          "line": 14
        },
        "2": {
          "loc": { "start": { "line": 15, "column": 5 }, "end": { "line": 15, "column": null } },
          "type": "cond-expr",
          "locations": [
            { "start": { "line": 15, "column": 35 }, "end": { "line": 15, "column": 60 } },
            { "start": { "line": 15, "column": 60 }, "end": { "line": 15, "column": null } }
          ],
          "line": 15
        },
        "3": {
          "loc": { "start": { "line": 16, "column": 5 }, "end": { "line": 16, "column": null } },
          "type": "cond-expr",
          "locations": [
            { "start": { "line": 16, "column": 35 }, "end": { "line": 16, "column": 60 } },
            { "start": { "line": 16, "column": 60 }, "end": { "line": 16, "column": null } }
          ],
          "line": 16
        },
        "4": {
          "loc": { "start": { "line": 17, "column": 5 }, "end": { "line": 17, "column": null } },
          "type": "cond-expr",
          "locations": [
            { "start": { "line": 17, "column": 35 }, "end": { "line": 17, "column": 60 } },
            { "start": { "line": 17, "column": 60 }, "end": { "line": 17, "column": null } }
          ],
          "line": 17
        },
        "5": {
          "loc": { "start": { "line": 18, "column": 5 }, "end": { "line": 18, "column": null } },
          "type": "cond-expr",
          "locations": [
            { "start": { "line": 18, "column": 35 }, "end": { "line": 18, "column": 60 } },
            { "start": { "line": 18, "column": 60 }, "end": { "line": 18, "column": null } }
          ],
          "line": 18
        }
      },
      "s": { "0": 7, "1": 12 },
      "f": { "0": 12 },
      "b": { "0": [12, 6], "1": [12, 12], "2": [6, 6], "3": [1, 11], "4": [1, 11], "5": [3, 9] },
      "meta": {
        "lastBranch": 6,
        "lastFunction": 1,
        "lastStatement": 2,
        "seen": {
          "s:4:13:19:Infinity": 0,
          "f:4:13:4:33": 0,
          "s:11:21:19:Infinity": 1,
          "b:13:8:13:26:13:26:13:Infinity": 0,
          "b:14:11:14:32:14:32:14:Infinity": 1,
          "b:15:35:15:60:15:60:15:Infinity": 2,
          "b:16:35:16:60:16:60:16:Infinity": 3,
          "b:17:35:17:60:17:60:17:Infinity": 4,
          "b:18:35:18:60:18:60:18:Infinity": 5
        },
        "fnNames": {}
      }
    },
    "/opt/noodlestan/_workspaces/project-workspace-cli/checkouts/art-js-building/libs/constructs/src/test/helpers/primitives/makeParserVisitContextMock.ts": {
      "path": "/opt/noodlestan/_workspaces/project-workspace-cli/checkouts/art-js-building/libs/constructs/src/test/helpers/primitives/makeParserVisitContextMock.ts",
      "statementMap": {
        "0": { "start": { "line": 3, "column": 13 }, "end": { "line": 20, "column": null } },
        "1": { "start": { "line": 8, "column": 6 }, "end": { "line": 20, "column": null } },
        "2": { "start": { "line": 10, "column": 14 }, "end": { "line": 16, "column": null } },
        "3": { "start": { "line": 12, "column": 17 }, "end": { "line": 12, "column": null } },
        "4": { "start": { "line": 14, "column": 34 }, "end": { "line": 14, "column": 86 } },
        "5": { "start": { "line": 17, "column": 2 }, "end": { "line": 17, "column": null } },
        "6": { "start": { "line": 19, "column": 69 }, "end": { "line": 19, "column": 87 } }
      },
      "fnMap": {
        "0": {
          "name": "(anonymous_0)",
          "decl": { "start": { "line": 3, "column": 13 }, "end": { "line": 3, "column": 43 } },
          "loc": { "start": { "line": 8, "column": 6 }, "end": { "line": 20, "column": null } },
          "line": 8
        },
        "1": {
          "name": "(anonymous_1)",
          "decl": { "start": { "line": 9, "column": 30 }, "end": { "line": 9, "column": 34 } },
          "loc": { "start": { "line": 9, "column": 93 }, "end": { "line": 18, "column": 2 } },
          "line": 9
        },
        "2": {
          "name": "(anonymous_2)",
          "decl": { "start": { "line": 12, "column": 3 }, "end": { "line": 12, "column": 17 } },
          "loc": { "start": { "line": 12, "column": 17 }, "end": { "line": 12, "column": null } },
          "line": 12
        },
        "3": {
          "name": "(anonymous_3)",
          "decl": { "start": { "line": 14, "column": 25 }, "end": { "line": 14, "column": 28 } },
          "loc": { "start": { "line": 14, "column": 34 }, "end": { "line": 14, "column": 86 } },
          "line": 14
        },
        "4": {
          "name": "(anonymous_4)",
          "decl": { "start": { "line": 19, "column": 55 }, "end": { "line": 19, "column": 58 } },
          "loc": { "start": { "line": 19, "column": 69 }, "end": { "line": 19, "column": 87 } },
          "line": 19
        }
      },
      "branchMap": {
        "0": {
          "loc": { "start": { "line": 14, "column": 34 }, "end": { "line": 14, "column": 86 } },
          "type": "cond-expr",
          "locations": [
            { "start": { "line": 14, "column": 54 }, "end": { "line": 14, "column": 82 } },
            { "start": { "line": 14, "column": 82 }, "end": { "line": 14, "column": 86 } }
          ],
          "line": 14
        },
        "1": {
          "loc": { "start": { "line": 19, "column": 5 }, "end": { "line": 19, "column": null } },
          "type": "cond-expr",
          "locations": [
            { "start": { "line": 19, "column": 36 }, "end": { "line": 19, "column": 93 } },
            { "start": { "line": 19, "column": 93 }, "end": { "line": 19, "column": null } }
          ],
          "line": 19
        },
        "2": {
          "loc": { "start": { "line": 19, "column": 69 }, "end": { "line": 19, "column": 87 } },
          "type": "binary-expr",
          "locations": [
            { "start": { "line": 19, "column": 69 }, "end": { "line": 19, "column": 86 } },
            { "start": { "line": 19, "column": 86 }, "end": { "line": 19, "column": 87 } }
          ],
          "line": 19
        }
      },
      "s": { "0": 2, "1": 2, "2": 10, "3": 2, "4": 3, "5": 10, "6": 2 },
      "f": { "0": 2, "1": 10, "2": 2, "3": 3, "4": 2 },
      "b": { "0": [2, 1], "1": [1, 1], "2": [2, 0] },
      "meta": {
        "lastBranch": 3,
        "lastFunction": 5,
        "lastStatement": 7,
        "seen": {
          "s:3:13:20:Infinity": 0,
          "f:3:13:3:43": 0,
          "s:8:6:20:Infinity": 1,
          "f:9:30:9:34": 1,
          "s:10:14:16:Infinity": 2,
          "f:12:3:12:17": 2,
          "s:12:17:12:Infinity": 3,
          "f:14:25:14:28": 3,
          "s:14:34:14:86": 4,
          "b:14:54:14:82:14:82:14:86": 0,
          "s:17:2:17:Infinity": 5,
          "b:19:36:19:93:19:93:19:Infinity": 1,
          "f:19:55:19:58": 4,
          "s:19:69:19:87": 6,
          "b:19:69:19:86:19:86:19:87": 2
        },
        "fnNames": {}
      }
    },
    "/opt/noodlestan/_workspaces/project-workspace-cli/checkouts/art-js-building/libs/constructs/src/test/helpers/naturalExpression/makeNaturalExpression.ts": {
      "path": "/opt/noodlestan/_workspaces/project-workspace-cli/checkouts/art-js-building/libs/constructs/src/test/helpers/naturalExpression/makeNaturalExpression.ts",
      "statementMap": {
        "0": { "start": { "line": 3, "column": 13 }, "end": { "line": 14, "column": null } },
        "1": { "start": { "line": 8, "column": 26 }, "end": { "line": 14, "column": null } }
      },
      "fnMap": {
        "0": {
          "name": "(anonymous_0)",
          "decl": { "start": { "line": 3, "column": 13 }, "end": { "line": 3, "column": 38 } },
          "loc": { "start": { "line": 8, "column": 26 }, "end": { "line": 14, "column": null } },
          "line": 8
        }
      },
      "branchMap": {
        "0": {
          "loc": { "start": { "line": 10, "column": 7 }, "end": { "line": 10, "column": null } },
          "type": "binary-expr",
          "locations": [
            { "start": { "line": 10, "column": 7 }, "end": { "line": 10, "column": 24 } },
            { "start": { "line": 10, "column": 24 }, "end": { "line": 10, "column": null } }
          ],
          "line": 10
        },
        "1": {
          "loc": { "start": { "line": 11, "column": 8 }, "end": { "line": 11, "column": null } },
          "type": "binary-expr",
          "locations": [
            { "start": { "line": 11, "column": 8 }, "end": { "line": 11, "column": 26 } },
            { "start": { "line": 11, "column": 26 }, "end": { "line": 11, "column": null } }
          ],
          "line": 11
        },
        "2": {
          "loc": { "start": { "line": 12, "column": 11 }, "end": { "line": 12, "column": null } },
          "type": "binary-expr",
          "locations": [
            { "start": { "line": 12, "column": 11 }, "end": { "line": 12, "column": 32 } },
            { "start": { "line": 12, "column": 32 }, "end": { "line": 12, "column": null } }
          ],
          "line": 12
        },
        "3": {
          "loc": { "start": { "line": 13, "column": 5 }, "end": { "line": 13, "column": null } },
          "type": "cond-expr",
          "locations": [
            { "start": { "line": 13, "column": 41 }, "end": { "line": 13, "column": 78 } },
            { "start": { "line": 13, "column": 78 }, "end": { "line": 13, "column": null } }
          ],
          "line": 13
        }
      },
      "s": { "0": 4, "1": 6 },
      "f": { "0": 6 },
      "b": { "0": [6, 5], "1": [6, 4], "2": [6, 6], "3": [1, 5] },
      "meta": {
        "lastBranch": 4,
        "lastFunction": 1,
        "lastStatement": 2,
        "seen": {
          "s:3:13:14:Infinity": 0,
          "f:3:13:3:38": 0,
          "s:8:26:14:Infinity": 1,
          "b:10:7:10:24:10:24:10:Infinity": 0,
          "b:11:8:11:26:11:26:11:Infinity": 1,
          "b:12:11:12:32:12:32:12:Infinity": 2,
          "b:13:41:13:78:13:78:13:Infinity": 3
        },
        "fnNames": {}
      }
    },
    "/opt/noodlestan/_workspaces/project-workspace-cli/checkouts/art-js-building/libs/constructs/src/test/helpers/rawSlice/makeRawSliceMock.ts": {
      "path": "/opt/noodlestan/_workspaces/project-workspace-cli/checkouts/art-js-building/libs/constructs/src/test/helpers/rawSlice/makeRawSliceMock.ts",
      "statementMap": {
        "0": { "start": { "line": 3, "column": 13 }, "end": { "line": 7, "column": null } },
        "1": { "start": { "line": 5, "column": 46 }, "end": { "line": 7, "column": null } },
        "2": { "start": { "line": 6, "column": 23 }, "end": { "line": 6, "column": 34 } }
      },
      "fnMap": {
        "0": {
          "name": "(anonymous_0)",
          "decl": { "start": { "line": 3, "column": 13 }, "end": { "line": 3, "column": null } },
          "loc": { "start": { "line": 5, "column": 46 }, "end": { "line": 7, "column": null } },
          "line": 5
        },
        "1": {
          "name": "(anonymous_1)",
          "decl": { "start": { "line": 6, "column": 14 }, "end": { "line": 6, "column": 23 } },
          "loc": { "start": { "line": 6, "column": 23 }, "end": { "line": 6, "column": 34 } },
          "line": 6
        }
      },
      "branchMap": {
        "0": {
          "loc": { "start": { "line": 4, "column": 1 }, "end": { "line": 4, "column": null } },
          "type": "default-arg",
          "locations": [
            { "start": { "line": 4, "column": 23 }, "end": { "line": 4, "column": null } }
          ],
          "line": 4
        }
      },
      "s": { "0": 4, "1": 4, "2": 18 },
      "f": { "0": 4, "1": 18 },
      "b": { "0": [4] },
      "meta": {
        "lastBranch": 1,
        "lastFunction": 2,
        "lastStatement": 3,
        "seen": {
          "s:3:13:7:Infinity": 0,
          "f:3:13:3:Infinity": 0,
          "s:5:46:7:Infinity": 1,
          "b:4:23:4:Infinity": 0,
          "f:6:14:6:23": 1,
          "s:6:23:6:34": 2
        },
        "fnNames": {}
      }
    },
    "/opt/noodlestan/_workspaces/project-workspace-cli/checkouts/art-js-building/libs/constructs/src/test/helpers/tag/makeTag.ts": {
      "path": "/opt/noodlestan/_workspaces/project-workspace-cli/checkouts/art-js-building/libs/constructs/src/test/helpers/tag/makeTag.ts",
      "statementMap": {
        "0": { "start": { "line": 3, "column": 13 }, "end": { "line": 6, "column": null } },
        "1": { "start": { "line": 3, "column": 62 }, "end": { "line": 6, "column": null } }
      },
      "fnMap": {
        "0": {
          "name": "(anonymous_0)",
          "decl": { "start": { "line": 3, "column": 13 }, "end": { "line": 3, "column": 24 } },
          "loc": { "start": { "line": 3, "column": 62 }, "end": { "line": 6, "column": null } },
          "line": 3
        }
      },
      "branchMap": {
        "0": {
          "loc": { "start": { "line": 5, "column": 7 }, "end": { "line": 5, "column": null } },
          "type": "binary-expr",
          "locations": [
            { "start": { "line": 5, "column": 7 }, "end": { "line": 5, "column": 24 } },
            { "start": { "line": 5, "column": 24 }, "end": { "line": 5, "column": null } }
          ],
          "line": 5
        }
      },
      "s": { "0": 12, "1": 13 },
      "f": { "0": 13 },
      "b": { "0": [13, 13] },
      "meta": {
        "lastBranch": 1,
        "lastFunction": 1,
        "lastStatement": 2,
        "seen": {
          "s:3:13:6:Infinity": 0,
          "f:3:13:3:24": 0,
          "s:3:62:6:Infinity": 1,
          "b:5:7:5:24:5:24:5:Infinity": 0
        },
        "fnNames": {}
      }
    },
    "/opt/noodlestan/_workspaces/project-workspace-cli/checkouts/art-js-building/libs/constructs/src/test/helpers/tagToMdast/makeTagToMdastMock.ts": {
      "path": "/opt/noodlestan/_workspaces/project-workspace-cli/checkouts/art-js-building/libs/constructs/src/test/helpers/tagToMdast/makeTagToMdastMock.ts",
      "statementMap": {
        "0": { "start": { "line": 3, "column": 13 }, "end": { "line": 5, "column": null } },
        "1": { "start": { "line": 3, "column": 83 }, "end": { "line": 5, "column": null } },
        "2": { "start": { "line": 4, "column": 27 }, "end": { "line": 4, "column": 91 } }
      },
      "fnMap": {
        "0": {
          "name": "(anonymous_0)",
          "decl": { "start": { "line": 3, "column": 13 }, "end": { "line": 3, "column": 83 } },
          "loc": { "start": { "line": 3, "column": 83 }, "end": { "line": 5, "column": null } },
          "line": 3
        },
        "1": {
          "name": "(anonymous_1)",
          "decl": { "start": { "line": 4, "column": 16 }, "end": { "line": 4, "column": 19 } },
          "loc": { "start": { "line": 4, "column": 27 }, "end": { "line": 4, "column": 91 } },
          "line": 4
        }
      },
      "branchMap": {},
      "s": { "0": 1, "1": 1, "2": 2 },
      "f": { "0": 1, "1": 2 },
      "b": {},
      "meta": {
        "lastBranch": 0,
        "lastFunction": 2,
        "lastStatement": 3,
        "seen": {
          "s:3:13:5:Infinity": 0,
          "f:3:13:3:83": 0,
          "s:3:83:5:Infinity": 1,
          "f:4:16:4:19": 1,
          "s:4:27:4:91": 2
        },
        "fnNames": {}
      }
    }
  }
}
